#
# There is insufficient memory for the Java Runtime Environment to continue.
# Native memory allocation (mmap) failed to map 132120576 bytes for G1 virtual space
# Possible reasons:
#   The system is out of physical RAM or swap space
#   The process is running with CompressedOops enabled, and the Java Heap may be blocking the growth of the native heap
# Possible solutions:
#   Reduce memory load on the system
#   Increase physical memory or swap space
#   Check if swap backing store is full
#   Decrease Java heap size (-Xmx/-Xms)
#   Decrease number of Java threads
#   Decrease Java thread stack sizes (-Xss)
#   Set larger code cache with -XX:ReservedCodeCacheSize=
#   JVM is running with Unscaled Compressed Oops mode in which the Java heap is
#     placed in the first 4GB address space. The Java Heap base address is the
#     maximum limit for the native heap growth. Please use -XX:HeapBaseMinAddress
#     to set the Java Heap base and to place the Java Heap above 4GB virtual address.
# This output file may be truncated or incomplete.
#
#  Out of Memory Error (os_windows.cpp:3825), pid=24648, tid=12356
#
# JRE version:  (17.0.9) (build )
# Java VM: OpenJDK 64-Bit Server VM (17.0.9+0--11362436, mixed mode, sharing, tiered, compressed oops, compressed class ptrs, g1 gc, windows-amd64)
# No core dump will be written. Minidumps are not enabled by default on client versions of Windows
#

---------------  S U M M A R Y ------------

Command Line: git4idea.http.GitAskPassApp Username for 'https://github.com': 

Host: Intel(R) Core(TM) i5-8350U CPU @ 1.70GHz, 8 cores, 7G,  Windows 11 , 64 bit Build 22621 (10.0.22621.3085)
Time: Thu Feb  1 13:04:34 2024 E. Africa Standard Time elapsed time: 0.015344 seconds (0d 0h 0m 0s)

---------------  T H R E A D  ---------------

Current thread (0x0000021b318bd7c0):  JavaThread "Unknown thread" [_thread_in_vm, id=12356, stack(0x000000610ae00000,0x000000610af00000)]

Stack: [0x000000610ae00000,0x000000610af00000]
Native frames: (J=compiled Java code, j=interpreted, Vv=VM code, C=native code)
V  [jvm.dll+0x6886e9]
V  [jvm.dll+0x841e4a]
V  [jvm.dll+0x843a8e]
V  [jvm.dll+0x8440f3]
V  [jvm.dll+0x24c14f]
V  [jvm.dll+0x685499]
V  [jvm.dll+0x679c2a]
V  [jvm.dll+0x30cf9b]
V  [jvm.dll+0x314446]
V  [jvm.dll+0x36425e]
V  [jvm.dll+0x36448f]
V  [jvm.dll+0x2e2d68]
V  [jvm.dll+0x2e3cd4]
V  [jvm.dll+0x8129f1]
V  [jvm.dll+0x3720c1]
V  [jvm.dll+0x7f152c]
V  [jvm.dll+0x3f5d4f]
V  [jvm.dll+0x3f7981]
C  [jli.dll+0x528f]
C  [ucrtbase.dll+0x29363]
C  [KERNEL32.DLL+0x1257d]
C  [ntdll.dll+0x5aa58]


---------------  P R O C E S S  ---------------

Threads class SMR info:
_java_thread_list=0x00007ffdae37ef18, length=0, elements={
}

Java Threads: ( => current thread )

Other Threads:
  0x0000021b33aa6710 GCTaskThread "GC Thread#0" [stack: 0x000000610af00000,0x000000610b000000] [id=25192]
  0x0000021b33ab6ea0 ConcurrentGCThread "G1 Main Marker" [stack: 0x000000610b000000,0x000000610b100000] [id=20592]
  0x0000021b33ab78c0 ConcurrentGCThread "G1 Conc#0" [stack: 0x000000610b100000,0x000000610b200000] [id=24624]

[error occurred during error reporting (printing all threads), id 0xc0000005, EXCEPTION_ACCESS_VIOLATION (0xc0000005) at pc=0x00007ffdadb33937]

VM state: not at safepoint (not fully initialized)

VM Mutex/Monitor currently owned by a thread:  ([mutex/lock_event])
[0x0000021b33a4dbc0] Heap_lock - owner thread: 0x0000021b318bd7c0

Heap address: 0x0000000083e00000, size: 1986 MB, Compressed Oops mode: 32-bit

CDS archive(s) mapped at: [0x0000000000000000-0x0000000000000000-0x0000000000000000), size 0, SharedBaseAddress: 0x0000000800000000, ArchiveRelocationMode: 1.
Narrow klass base: 0x0000000000000000, Narrow klass shift: 0, Narrow klass range: 0x0

GC Precious Log:
<Empty>

Heap:
 garbage-first heap   total 0K, used 0K [0x0000000083e00000, 0x0000000100000000)
  region size 1024K, 0 young (0K), 0 survivors (0K)
 Metaspace       used 0K, committed 0K, reserved 0K
  class space    used 0K, committed 0K, reserved 0K

Heap Regions: E=young(eden), S=young(survivor), O=old, HS=humongous(starts), HC=humongous(continues), CS=collection set, F=free, OA=open archive, CA=closed archive, TAMS=top-at-mark-start (previous, next)

Card table byte_map: [0x0000021b46650000,0x0000021b46a40000] _byte_map_base: 0x0000021b46231000

Marking Bits (Prev, Next): (CMBitMap*) 0x0000021b33aa6d30, (CMBitMap*) 0x0000021b33aa6d70
 Prev Bits: [0x0000021b46e30000, 0x0000021b48d38000)
 Next Bits: [0x0000021b48d40000, 0x0000021b4ac48000)

GC Heap History (0 events):
No events

Dll operation events (1 events):
Event: 0.009 Loaded shared library C:\Users\Sila\AppData\Local\Programs\Android Studio 2\jbr\bin\java.dll

Deoptimization events (0 events):
No events

Classes unloaded (0 events):
No events

Classes redefined (0 events):
No events

Internal exceptions (0 events):
No events

VM Operations (0 events):
No events

Events (0 events):
No events


Dynamic libraries:
0x00007ff6302f0000 - 0x00007ff6302fa000 	C:\Users\Sila\AppData\Local\Programs\Android Studio 2\jbr\bin\java.exe
0x00007ffe5d370000 - 0x00007ffe5d587000 	C:\WINDOWS\SYSTEM32\ntdll.dll
0x00007ffe5b470000 - 0x00007ffe5b534000 	C:\WINDOWS\System32\KERNEL32.DLL
0x00007ffe5a850000 - 0x00007ffe5abf6000 	C:\WINDOWS\System32\KERNELBASE.dll
0x00007ffe5ade0000 - 0x00007ffe5aef1000 	C:\WINDOWS\System32\ucrtbase.dll
0x00007ffe53d50000 - 0x00007ffe53d67000 	C:\Users\Sila\AppData\Local\Programs\Android Studio 2\jbr\bin\jli.dll
0x00007ffe546a0000 - 0x00007ffe546bb000 	C:\Users\Sila\AppData\Local\Programs\Android Studio 2\jbr\bin\VCRUNTIME140.dll
0x00007ffe5bee0000 - 0x00007ffe5c08e000 	C:\WINDOWS\System32\USER32.dll
0x00007ffe5b090000 - 0x00007ffe5b0b6000 	C:\WINDOWS\System32\win32u.dll
0x00007ffe5b0c0000 - 0x00007ffe5b0e9000 	C:\WINDOWS\System32\GDI32.dll
0x00007ffe40bf0000 - 0x00007ffe40e83000 	C:\WINDOWS\WinSxS\amd64_microsoft.windows.common-controls_6595b64144ccf1df_6.0.22621.2506_none_270c5ae97388e100\COMCTL32.dll
0x00007ffe5af00000 - 0x00007ffe5b018000 	C:\WINDOWS\System32\gdi32full.dll
0x00007ffe5c090000 - 0x00007ffe5c137000 	C:\WINDOWS\System32\msvcrt.dll
0x00007ffe5ad40000 - 0x00007ffe5adda000 	C:\WINDOWS\System32\msvcp_win.dll
0x00007ffe5ca80000 - 0x00007ffe5cab1000 	C:\WINDOWS\System32\IMM32.DLL
0x00007ffe55810000 - 0x00007ffe5581c000 	C:\Users\Sila\AppData\Local\Programs\Android Studio 2\jbr\bin\vcruntime140_1.dll
0x00007ffe31ba0000 - 0x00007ffe31c2d000 	C:\Users\Sila\AppData\Local\Programs\Android Studio 2\jbr\bin\msvcp140.dll
0x00007ffdad840000 - 0x00007ffdae4c3000 	C:\Users\Sila\AppData\Local\Programs\Android Studio 2\jbr\bin\server\jvm.dll
0x00007ffe5b620000 - 0x00007ffe5b6d3000 	C:\WINDOWS\System32\ADVAPI32.dll
0x00007ffe5b560000 - 0x00007ffe5b608000 	C:\WINDOWS\System32\sechost.dll
0x00007ffe5a6b0000 - 0x00007ffe5a6d8000 	C:\WINDOWS\System32\bcrypt.dll
0x00007ffe5bdc0000 - 0x00007ffe5bed7000 	C:\WINDOWS\System32\RPCRT4.dll
0x00007ffe5a580000 - 0x00007ffe5a5cd000 	C:\WINDOWS\SYSTEM32\POWRPROF.dll
0x00007ffe0a830000 - 0x00007ffe0a839000 	C:\WINDOWS\SYSTEM32\WSOCK32.dll
0x00007ffe53cc0000 - 0x00007ffe53cf4000 	C:\WINDOWS\SYSTEM32\WINMM.dll
0x00007ffe5cb40000 - 0x00007ffe5cbb1000 	C:\WINDOWS\System32\WS2_32.dll
0x00007ffe54470000 - 0x00007ffe5447a000 	C:\WINDOWS\SYSTEM32\VERSION.dll
0x00007ffe5a560000 - 0x00007ffe5a573000 	C:\WINDOWS\SYSTEM32\UMPDC.dll
0x00007ffe596f0000 - 0x00007ffe59708000 	C:\WINDOWS\SYSTEM32\kernel.appcore.dll
0x00007ffe55920000 - 0x00007ffe5592a000 	C:\Users\Sila\AppData\Local\Programs\Android Studio 2\jbr\bin\jimage.dll
0x00007ffe57f40000 - 0x00007ffe58173000 	C:\WINDOWS\SYSTEM32\DBGHELP.DLL
0x00007ffe5b880000 - 0x00007ffe5bc09000 	C:\WINDOWS\System32\combase.dll
0x00007ffe5c9a0000 - 0x00007ffe5ca77000 	C:\WINDOWS\System32\OLEAUT32.dll
0x00007ffe31b40000 - 0x00007ffe31b72000 	C:\WINDOWS\SYSTEM32\dbgcore.DLL
0x00007ffe5ac00000 - 0x00007ffe5ac7a000 	C:\WINDOWS\System32\bcryptPrimitives.dll
0x00007ffe55610000 - 0x00007ffe55635000 	C:\Users\Sila\AppData\Local\Programs\Android Studio 2\jbr\bin\java.dll

dbghelp: loaded successfully - version: 4.0.5 - missing functions: none
symbol engine: initialized successfully - sym options: 0x614 - pdb path: .;C:\Users\Sila\AppData\Local\Programs\Android Studio 2\jbr\bin;C:\WINDOWS\SYSTEM32;C:\WINDOWS\WinSxS\amd64_microsoft.windows.common-controls_6595b64144ccf1df_6.0.22621.2506_none_270c5ae97388e100;C:\Users\Sila\AppData\Local\Programs\Android Studio 2\jbr\bin\server

VM Arguments:
java_command: git4idea.http.GitAskPassApp Username for 'https://github.com': 
java_class_path (initial): C:/Users/Sila/AppData/Local/Programs/Android Studio 2/plugins/vcs-git/lib/git4idea-rt.jar;C:/Users/Sila/AppData/Local/Programs/Android Studio 2/lib/externalProcess-rt.jar
Launcher Type: SUN_STANDARD

[Global flags]
     intx CICompilerCount                          = 4                                         {product} {ergonomic}
     uint ConcGCThreads                            = 2                                         {product} {ergonomic}
     uint G1ConcRefinementThreads                  = 8                                         {product} {ergonomic}
   size_t G1HeapRegionSize                         = 1048576                                   {product} {ergonomic}
    uintx GCDrainStackTargetSize                   = 64                                        {product} {ergonomic}
   size_t InitialHeapSize                          = 132120576                                 {product} {ergonomic}
   size_t MarkStackSize                            = 4194304                                   {product} {ergonomic}
   size_t MaxHeapSize                              = 2082471936                                {product} {ergonomic}
   size_t MinHeapDeltaBytes                        = 1048576                                   {product} {ergonomic}
   size_t MinHeapSize                              = 8388608                                   {product} {ergonomic}
    uintx NonNMethodCodeHeapSize                   = 5839372                                {pd product} {ergonomic}
    uintx NonProfiledCodeHeapSize                  = 122909434                              {pd product} {ergonomic}
    uintx ProfiledCodeHeapSize                     = 122909434                              {pd product} {ergonomic}
    uintx ReservedCodeCacheSize                    = 251658240                              {pd product} {ergonomic}
     bool SegmentedCodeCache                       = true                                      {product} {ergonomic}
   size_t SoftMaxHeapSize                          = 2082471936                             {manageable} {ergonomic}
     bool UseCompressedClassPointers               = true                           {product lp64_product} {ergonomic}
     bool UseCompressedOops                        = true                           {product lp64_product} {ergonomic}
     bool UseG1GC                                  = true                                      {product} {ergonomic}
     bool UseLargePagesIndividualAllocation        = false                                  {pd product} {ergonomic}

Logging:
Log output configuration:
 #0: stdout all=warning uptime,level,tags
 #1: stderr all=off uptime,level,tags

Environment Variables:
PATH=C:\Program Files\Git\mingw64\libexec\git-core;C:\Program Files\Git\mingw64\libexec\git-core;C:\Program Files\Git\mingw64\bin;C:\Program Files\Git\usr\bin;C:\Users\Sila\bin;C:\Program Files\Eclipse Adoptium\jdk-21.0.2.13-hotspot\bin;C:\Program Files (x86)\Common Files\Oracle\Java\javapath;C:\WINDOWS\system32;C:\WINDOWS;C:\WINDOWS\System32\Wbem;C:\WINDOWS\System32\WindowsPowerShell\v1.0;C:\WINDOWS\System32\OpenSSH;C:\Program Files (x86)\Intel\Intel(R) Management Engine Components\DAL;C:\Program Files\Intel\Intel(R) Management Engine Components\DAL;C:\Users\Sila\AppData\Roaming\Python\Python311\Scripts;C:\Program Files\Git\cmd;C:\Users\Sila\AppData\Local\Microsoft\WindowsApps;C:\Users\Sila\AppData\Local\Programs\Microsoft VS Code\bin;C:\Users\Sila\AppData\Local\Programs\Microsoft VS Code Insiders\bin;C:\Users\Sila\AppData\Local\GitHubDesktop\bin;C:\Program Files\JetBrains\PyCharm 2023.1.2\bin;C:\Program Files\JetBrains\IntelliJ IDEA 2023.3.3\bin;C:\Users\Sila\AppData\Local\JetBrains\Toolbox\scripts
USERNAME=Sila
DISPLAY=:0.0
LC_ALL=en_US.UTF-8
TERM=xterm-256color
TMPDIR=C:\Users\Sila\AppData\Local\Temp
OS=Windows_NT
PROCESSOR_IDENTIFIER=Intel64 Family 6 Model 142 Stepping 10, GenuineIntel
TMP=C:\Users\Sila\AppData\Local\Temp
TEMP=C:\Users\Sila\AppData\Local\Temp



Periodic native trim disabled

JNI global refs:
JNI global refs: 0, weak refs: 0

JNI global refs memory usage: 0, weak refs: 0

OOME stack traces (most recent first):
Classloader memory used:


---------------  S Y S T E M  ---------------

OS:
 Windows 11 , 64 bit Build 22621 (10.0.22621.3085)
OS uptime: 0 days 21:41 hours

CPU: total 8 (initial active 8) (4 cores per cpu, 2 threads per core) family 6 model 142 stepping 10 microcode 0xf4, cx8, cmov, fxsr, ht, mmx, 3dnowpref, sse, sse2, sse3, ssse3, sse4.1, sse4.2, popcnt, lzcnt, tsc, tscinvbit, avx, avx2, aes, erms, clmul, bmi1, bmi2, rtm, adx, fma, vzeroupper, clflush, clflushopt
Processor Information for all 8 processors :
  Max Mhz: 1896, Current Mhz: 1696, Mhz Limit: 1687

Memory: 4k page, system-wide physical 7939M (338M free)
TotalPageFile size 14168M (AvailPageFile size 21M)
current process WorkingSet (physical memory assigned to process): 11M, peak: 11M
current process commit charge ("private bytes"): 60M, peak: 186M

vm_info: OpenJDK 64-Bit Server VM (17.0.9+0--11362436) for windows-amd64 JRE (17.0.9+0--11362436), built on Jan 26 2024 01:19:20 by "androidbuild" with MS VC++ 16.10 / 16.11 (VS2019)

END.
