#
# There is insufficient memory for the Java Runtime Environment to continue.
# Native memory allocation (malloc) failed to allocate 1413616 bytes for Chunk::new
# Possible reasons:
#   The system is out of physical RAM or swap space
#   The process is running with CompressedOops enabled, and the Java Heap may be blocking the growth of the native heap
# Possible solutions:
#   Reduce memory load on the system
#   Increase physical memory or swap space
#   Check if swap backing store is full
#   Decrease Java heap size (-Xmx/-Xms)
#   Decrease number of Java threads
#   Decrease Java thread stack sizes (-Xss)
#   Set larger code cache with -XX:ReservedCodeCacheSize=
#   JVM is running with Unscaled Compressed Oops mode in which the Java heap is
#     placed in the first 4GB address space. The Java Heap base address is the
#     maximum limit for the native heap growth. Please use -XX:HeapBaseMinAddress
#     to set the Java Heap base and to place the Java Heap above 4GB virtual address.
# This output file may be truncated or incomplete.
#
#  Out of Memory Error (arena.cpp:191), pid=20040, tid=11752
#
# JRE version: OpenJDK Runtime Environment (17.0.9) (build 17.0.9+0--11362436)
# Java VM: OpenJDK 64-Bit Server VM (17.0.9+0--11362436, mixed mode, tiered, compressed oops, compressed class ptrs, g1 gc, windows-amd64)
# No core dump will be written. Minidumps are not enabled by default on client versions of Windows
#

---------------  S U M M A R Y ------------

Command Line: org.jetbrains.kotlin.cli.jvm.K2JVMCompiler @C:\Users\Sila\AndroidStudioProjects\goglesignin\app\build\20240131_1726909054028372670.compiler.options

Host: Intel(R) Core(TM) i5-8350U CPU @ 1.70GHz, 8 cores, 7G,  Windows 11 , 64 bit Build 22621 (10.0.22621.3085)
Time: Wed Jan 31 16:23:19 2024 E. Africa Standard Time elapsed time: 14.654437 seconds (0d 0h 0m 14s)

---------------  T H R E A D  ---------------

Current thread (0x000002371e6df6b0):  JavaThread "C2 CompilerThread0" daemon [_thread_in_native, id=11752, stack(0x000000c17b700000,0x000000c17b800000)]


Current CompileTask:
C2:  14654 9292       4       org.jetbrains.kotlin.metadata.ProtoBuf$Function::isInitialized (251 bytes)

Stack: [0x000000c17b700000,0x000000c17b800000]
Native frames: (J=compiled Java code, j=interpreted, Vv=VM code, C=native code)
V  [jvm.dll+0x6886e9]
V  [jvm.dll+0x841e4a]
V  [jvm.dll+0x843a8e]
V  [jvm.dll+0x8440f3]
V  [jvm.dll+0x24c14f]
V  [jvm.dll+0xac44c]
V  [jvm.dll+0xaca9c]
V  [jvm.dll+0x36c1a2]
V  [jvm.dll+0x33651a]
V  [jvm.dll+0x3359ba]
V  [jvm.dll+0x21ddb1]
V  [jvm.dll+0x21d1d1]
V  [jvm.dll+0x1a674d]
V  [jvm.dll+0x22d088]
V  [jvm.dll+0x22b1c0]
V  [jvm.dll+0x7f62f7]
V  [jvm.dll+0x7f06aa]
V  [jvm.dll+0x687565]
C  [ucrtbase.dll+0x29363]
C  [KERNEL32.DLL+0x1257d]
C  [ntdll.dll+0x5aa58]


---------------  P R O C E S S  ---------------

Threads class SMR info:
_java_thread_list=0x00000237240f8350, length=13, elements={
0x00000237048ee160, 0x000002371e562490, 0x000002371e565230, 0x000002371e6d7e10,
0x000002371e6d98f0, 0x000002371e6de1e0, 0x000002371e6deab0, 0x000002371e6df6b0,
0x000002371e6f6520, 0x000002371e6f8e40, 0x000002371e8648c0, 0x000002371e870680,
0x000002372472f0b0
}

Java Threads: ( => current thread )
  0x00000237048ee160 JavaThread "main" [_thread_in_Java, id=5844, stack(0x000000c17aa00000,0x000000c17ab00000)]
  0x000002371e562490 JavaThread "Reference Handler" daemon [_thread_blocked, id=20580, stack(0x000000c17b100000,0x000000c17b200000)]
  0x000002371e565230 JavaThread "Finalizer" daemon [_thread_blocked, id=12192, stack(0x000000c17b200000,0x000000c17b300000)]
  0x000002371e6d7e10 JavaThread "Signal Dispatcher" daemon [_thread_blocked, id=14648, stack(0x000000c17b300000,0x000000c17b400000)]
  0x000002371e6d98f0 JavaThread "Attach Listener" daemon [_thread_blocked, id=21016, stack(0x000000c17b400000,0x000000c17b500000)]
  0x000002371e6de1e0 JavaThread "Service Thread" daemon [_thread_blocked, id=20276, stack(0x000000c17b500000,0x000000c17b600000)]
  0x000002371e6deab0 JavaThread "Monitor Deflation Thread" daemon [_thread_blocked, id=14120, stack(0x000000c17b600000,0x000000c17b700000)]
=>0x000002371e6df6b0 JavaThread "C2 CompilerThread0" daemon [_thread_in_native, id=11752, stack(0x000000c17b700000,0x000000c17b800000)]
  0x000002371e6f6520 JavaThread "C1 CompilerThread0" daemon [_thread_in_native, id=12816, stack(0x000000c17b800000,0x000000c17b900000)]
  0x000002371e6f8e40 JavaThread "Sweeper thread" daemon [_thread_blocked, id=19124, stack(0x000000c17b900000,0x000000c17ba00000)]
  0x000002371e8648c0 JavaThread "Notification Thread" daemon [_thread_blocked, id=6780, stack(0x000000c17ba00000,0x000000c17bb00000)]
  0x000002371e870680 JavaThread "Common-Cleaner" daemon [_thread_blocked, id=12884, stack(0x000000c17bc00000,0x000000c17bd00000)]
  0x000002372472f0b0 JavaThread "C2 CompilerThread1" daemon [_thread_blocked, id=20956, stack(0x000000c17bd00000,0x000000c17be00000)]

Other Threads:
  0x000002371e55e950 VMThread "VM Thread" [stack: 0x000000c17b000000,0x000000c17b100000] [id=19496]
  0x000002371e8659b0 WatcherThread [stack: 0x000000c17bb00000,0x000000c17bc00000] [id=12964]
  0x0000023704946340 GCTaskThread "GC Thread#0" [stack: 0x000000c17ab00000,0x000000c17ac00000] [id=5860]
  0x000002372339f6a0 GCTaskThread "GC Thread#1" [stack: 0x000000c17be00000,0x000000c17bf00000] [id=6384]
  0x00000237232ec070 GCTaskThread "GC Thread#2" [stack: 0x000000c17bf00000,0x000000c17c000000] [id=17996]
  0x00000237232bdc50 GCTaskThread "GC Thread#3" [stack: 0x000000c17c000000,0x000000c17c100000] [id=4340]
  0x00000237232bdf10 GCTaskThread "GC Thread#4" [stack: 0x000000c17c100000,0x000000c17c200000] [id=1764]
  0x0000023723c5de10 GCTaskThread "GC Thread#5" [stack: 0x000000c17c300000,0x000000c17c400000] [id=19924]
  0x0000023723cba030 GCTaskThread "GC Thread#6" [stack: 0x000000c17c400000,0x000000c17c500000] [id=21612]
  0x0000023723cba2f0 GCTaskThread "GC Thread#7" [stack: 0x000000c17c500000,0x000000c17c600000] [id=7272]
  0x00000237049569e0 ConcurrentGCThread "G1 Main Marker" [stack: 0x000000c17ac00000,0x000000c17ad00000] [id=3716]
  0x0000023704957ab0 ConcurrentGCThread "G1 Conc#0" [stack: 0x000000c17ad00000,0x000000c17ae00000] [id=19516]
  0x0000023723ba4030 ConcurrentGCThread "G1 Conc#1" [stack: 0x000000c17c600000,0x000000c17c700000] [id=2280]
  0x000002370499d730 ConcurrentGCThread "G1 Refine#0" [stack: 0x000000c17ae00000,0x000000c17af00000] [id=11732]
  0x00000237245ef5b0 ConcurrentGCThread "G1 Refine#1" [stack: 0x000000c17c700000,0x000000c17c800000] [id=20004]
  0x0000023724655ea0 ConcurrentGCThread "G1 Refine#2" [stack: 0x000000c17c800000,0x000000c17c900000] [id=22472]
  0x000002370499e070 ConcurrentGCThread "G1 Service" [stack: 0x000000c17af00000,0x000000c17b000000] [id=13164]

Threads with active compile tasks:
C2 CompilerThread0    14698 9292       4       org.jetbrains.kotlin.metadata.ProtoBuf$Function::isInitialized (251 bytes)
C2 CompilerThread1    14698 9422       4       org.jetbrains.kotlin.backend.jvm.mapping.IrTypeMapper::mapType (34 bytes)

VM state: not at safepoint (normal execution)

VM Mutex/Monitor currently owned by a thread:  ([mutex/lock_event])
[0x00000237048ec0e0] MethodCompileQueue_lock - owner thread: 0x00000237048ee160

Heap address: 0x0000000083e00000, size: 1986 MB, Compressed Oops mode: 32-bit

CDS archive(s) not mapped
Compressed class space mapped at: 0x0000000100000000-0x0000000140000000, reserved size: 1073741824
Narrow klass base: 0x0000000000000000, Narrow klass shift: 3, Narrow klass range: 0x140000000

GC Precious Log:
 CPUs: 8 total, 8 available
 Memory: 7939M
 Large Page Support: Disabled
 NUMA Support: Disabled
 Compressed Oops: Enabled (32-bit)
 Heap Region Size: 1M
 Heap Min Capacity: 8M
 Heap Initial Capacity: 126M
 Heap Max Capacity: 1986M
 Pre-touch: Disabled
 Parallel Workers: 8
 Concurrent Workers: 2
 Concurrent Refinement Workers: 8
 Periodic GC: Disabled

Heap:
 garbage-first heap   total 220160K, used 104930K [0x0000000083e00000, 0x0000000100000000)
  region size 1024K, 50 young (51200K), 1 survivors (1024K)
 Metaspace       used 78237K, committed 78528K, reserved 1179648K
  class space    used 8924K, committed 9088K, reserved 1048576K

Heap Regions: E=young(eden), S=young(survivor), O=old, HS=humongous(starts), HC=humongous(continues), CS=collection set, F=free, OA=open archive, CA=closed archive, TAMS=top-at-mark-start (previous, next)
|   0|0x0000000083e00000, 0x0000000083f00000, 0x0000000083f00000|100%|HS|  |TAMS 0x0000000083f00000, 0x0000000083e00000| Complete 
|   1|0x0000000083f00000, 0x0000000084000000, 0x0000000084000000|100%|HC|  |TAMS 0x0000000084000000, 0x0000000083f00000| Complete 
|   2|0x0000000084000000, 0x0000000084100000, 0x0000000084100000|100%|HC|  |TAMS 0x0000000084100000, 0x0000000084000000| Complete 
|   3|0x0000000084100000, 0x0000000084200000, 0x0000000084200000|100%|HC|  |TAMS 0x0000000084200000, 0x0000000084100000| Complete 
|   4|0x0000000084200000, 0x0000000084300000, 0x0000000084300000|100%| O|  |TAMS 0x0000000084300000, 0x0000000084200000| Untracked 
|   5|0x0000000084300000, 0x0000000084400000, 0x0000000084400000|100%| O|  |TAMS 0x0000000084400000, 0x0000000084300000| Untracked 
|   6|0x0000000084400000, 0x0000000084500000, 0x0000000084500000|100%| O|  |TAMS 0x0000000084500000, 0x0000000084400000| Untracked 
|   7|0x0000000084500000, 0x0000000084600000, 0x0000000084600000|100%| O|  |TAMS 0x0000000084600000, 0x0000000084500000| Untracked 
|   8|0x0000000084600000, 0x0000000084700000, 0x0000000084700000|100%| O|  |TAMS 0x0000000084700000, 0x0000000084600000| Untracked 
|   9|0x0000000084700000, 0x0000000084800000, 0x0000000084800000|100%| O|  |TAMS 0x0000000084800000, 0x0000000084700000| Untracked 
|  10|0x0000000084800000, 0x0000000084800000, 0x0000000084900000|  0%| F|  |TAMS 0x0000000084800000, 0x0000000084800000| Untracked 
|  11|0x0000000084900000, 0x0000000084a00000, 0x0000000084a00000|100%| O|  |TAMS 0x0000000084a00000, 0x0000000084900000| Untracked 
|  12|0x0000000084a00000, 0x0000000084b00000, 0x0000000084b00000|100%| O|  |TAMS 0x0000000084b00000, 0x0000000084a00000| Untracked 
|  13|0x0000000084b00000, 0x0000000084c00000, 0x0000000084c00000|100%| O|  |TAMS 0x0000000084c00000, 0x0000000084b00000| Untracked 
|  14|0x0000000084c00000, 0x0000000084d00000, 0x0000000084d00000|100%| O|  |TAMS 0x0000000084d00000, 0x0000000084c00000| Untracked 
|  15|0x0000000084d00000, 0x0000000084e00000, 0x0000000084e00000|100%| O|  |TAMS 0x0000000084e00000, 0x0000000084d00000| Untracked 
|  16|0x0000000084e00000, 0x0000000084f00000, 0x0000000084f00000|100%| O|  |TAMS 0x0000000084f00000, 0x0000000084e00000| Untracked 
|  17|0x0000000084f00000, 0x0000000085000000, 0x0000000085000000|100%|HS|  |TAMS 0x0000000085000000, 0x0000000084f00000| Complete 
|  18|0x0000000085000000, 0x0000000085100000, 0x0000000085100000|100%|HC|  |TAMS 0x0000000085100000, 0x0000000085000000| Complete 
|  19|0x0000000085100000, 0x0000000085200000, 0x0000000085200000|100%| O|  |TAMS 0x0000000085200000, 0x0000000085100000| Untracked 
|  20|0x0000000085200000, 0x0000000085300000, 0x0000000085300000|100%| O|  |TAMS 0x0000000085300000, 0x0000000085200000| Untracked 
|  21|0x0000000085300000, 0x0000000085400000, 0x0000000085400000|100%| O|  |TAMS 0x0000000085400000, 0x0000000085300000| Untracked 
|  22|0x0000000085400000, 0x0000000085500000, 0x0000000085500000|100%| O|  |TAMS 0x0000000085500000, 0x0000000085400000| Untracked 
|  23|0x0000000085500000, 0x0000000085600000, 0x0000000085600000|100%| O|  |TAMS 0x0000000085600000, 0x0000000085500000| Untracked 
|  24|0x0000000085600000, 0x0000000085700000, 0x0000000085700000|100%| O|  |TAMS 0x0000000085700000, 0x0000000085600000| Untracked 
|  25|0x0000000085700000, 0x0000000085800000, 0x0000000085800000|100%| O|  |TAMS 0x0000000085800000, 0x0000000085700000| Untracked 
|  26|0x0000000085800000, 0x0000000085900000, 0x0000000085900000|100%| O|  |TAMS 0x0000000085900000, 0x0000000085800000| Untracked 
|  27|0x0000000085900000, 0x0000000085a00000, 0x0000000085a00000|100%| O|  |TAMS 0x0000000085a00000, 0x0000000085900000| Untracked 
|  28|0x0000000085a00000, 0x0000000085b00000, 0x0000000085b00000|100%| O|  |TAMS 0x0000000085b00000, 0x0000000085a00000| Untracked 
|  29|0x0000000085b00000, 0x0000000085c00000, 0x0000000085c00000|100%| O|  |TAMS 0x0000000085c00000, 0x0000000085b00000| Untracked 
|  30|0x0000000085c00000, 0x0000000085d00000, 0x0000000085d00000|100%| O|  |TAMS 0x0000000085d00000, 0x0000000085c00000| Untracked 
|  31|0x0000000085d00000, 0x0000000085e00000, 0x0000000085e00000|100%| O|  |TAMS 0x0000000085e00000, 0x0000000085d00000| Untracked 
|  32|0x0000000085e00000, 0x0000000085f00000, 0x0000000085f00000|100%| O|  |TAMS 0x0000000085f00000, 0x0000000085e00000| Untracked 
|  33|0x0000000085f00000, 0x0000000086000000, 0x0000000086000000|100%| O|  |TAMS 0x0000000086000000, 0x0000000085f00000| Untracked 
|  34|0x0000000086000000, 0x0000000086100000, 0x0000000086100000|100%| O|  |TAMS 0x0000000086100000, 0x0000000086000000| Untracked 
|  35|0x0000000086100000, 0x0000000086200000, 0x0000000086200000|100%| O|  |TAMS 0x0000000086200000, 0x0000000086100000| Untracked 
|  36|0x0000000086200000, 0x0000000086300000, 0x0000000086300000|100%| O|  |TAMS 0x0000000086300000, 0x0000000086200000| Untracked 
|  37|0x0000000086300000, 0x0000000086400000, 0x0000000086400000|100%| O|  |TAMS 0x0000000086400000, 0x0000000086300000| Untracked 
|  38|0x0000000086400000, 0x0000000086500000, 0x0000000086500000|100%| O|  |TAMS 0x0000000086500000, 0x0000000086400000| Untracked 
|  39|0x0000000086500000, 0x0000000086600000, 0x0000000086600000|100%| O|  |TAMS 0x0000000086600000, 0x0000000086500000| Untracked 
|  40|0x0000000086600000, 0x0000000086700000, 0x0000000086700000|100%| O|  |TAMS 0x0000000086700000, 0x0000000086600000| Untracked 
|  41|0x0000000086700000, 0x0000000086800000, 0x0000000086800000|100%| O|  |TAMS 0x0000000086800000, 0x0000000086700000| Untracked 
|  42|0x0000000086800000, 0x0000000086900000, 0x0000000086900000|100%| O|  |TAMS 0x0000000086900000, 0x0000000086800000| Untracked 
|  43|0x0000000086900000, 0x0000000086a00000, 0x0000000086a00000|100%| O|  |TAMS 0x0000000086a00000, 0x0000000086900000| Untracked 
|  44|0x0000000086a00000, 0x0000000086b00000, 0x0000000086b00000|100%| O|  |TAMS 0x0000000086b00000, 0x0000000086a00000| Untracked 
|  45|0x0000000086b00000, 0x0000000086c00000, 0x0000000086c00000|100%| O|  |TAMS 0x0000000086b12600, 0x0000000086b00000| Untracked 
|  46|0x0000000086c00000, 0x0000000086d00000, 0x0000000086d00000|100%| O|  |TAMS 0x0000000086c00000, 0x0000000086c00000| Untracked 
|  47|0x0000000086d00000, 0x0000000086e00000, 0x0000000086e00000|100%| O|  |TAMS 0x0000000086d00000, 0x0000000086d00000| Untracked 
|  48|0x0000000086e00000, 0x0000000086f00000, 0x0000000086f00000|100%| O|  |TAMS 0x0000000086e00000, 0x0000000086e00000| Untracked 
|  49|0x0000000086f00000, 0x0000000087000000, 0x0000000087000000|100%| O|  |TAMS 0x0000000086f00000, 0x0000000086f00000| Untracked 
|  50|0x0000000087000000, 0x0000000087100000, 0x0000000087100000|100%| O|  |TAMS 0x0000000087000000, 0x0000000087000000| Untracked 
|  51|0x0000000087100000, 0x0000000087200000, 0x0000000087200000|100%| O|  |TAMS 0x0000000087100000, 0x0000000087100000| Untracked 
|  52|0x0000000087200000, 0x0000000087300000, 0x0000000087300000|100%| O|  |TAMS 0x0000000087200000, 0x0000000087200000| Untracked 
|  53|0x0000000087300000, 0x0000000087400000, 0x0000000087400000|100%| O|  |TAMS 0x0000000087300000, 0x0000000087300000| Untracked 
|  54|0x0000000087400000, 0x00000000874be600, 0x0000000087500000| 74%| O|  |TAMS 0x0000000087400000, 0x0000000087400000| Untracked 
|  55|0x0000000087500000, 0x0000000087500000, 0x0000000087600000|  0%| F|  |TAMS 0x0000000087500000, 0x0000000087500000| Untracked 
|  56|0x0000000087600000, 0x0000000087600000, 0x0000000087700000|  0%| F|  |TAMS 0x0000000087600000, 0x0000000087600000| Untracked 
|  57|0x0000000087700000, 0x0000000087700000, 0x0000000087800000|  0%| F|  |TAMS 0x0000000087700000, 0x0000000087700000| Untracked 
|  58|0x0000000087800000, 0x0000000087800000, 0x0000000087900000|  0%| F|  |TAMS 0x0000000087800000, 0x0000000087800000| Untracked 
|  59|0x0000000087900000, 0x0000000087900000, 0x0000000087a00000|  0%| F|  |TAMS 0x0000000087900000, 0x0000000087900000| Untracked 
|  60|0x0000000087a00000, 0x0000000087a00000, 0x0000000087b00000|  0%| F|  |TAMS 0x0000000087a00000, 0x0000000087a00000| Untracked 
|  61|0x0000000087b00000, 0x0000000087b00000, 0x0000000087c00000|  0%| F|  |TAMS 0x0000000087b00000, 0x0000000087b00000| Untracked 
|  62|0x0000000087c00000, 0x0000000087c00000, 0x0000000087d00000|  0%| F|  |TAMS 0x0000000087c00000, 0x0000000087c00000| Untracked 
|  63|0x0000000087d00000, 0x0000000087d00000, 0x0000000087e00000|  0%| F|  |TAMS 0x0000000087d00000, 0x0000000087d00000| Untracked 
|  64|0x0000000087e00000, 0x0000000087e00000, 0x0000000087f00000|  0%| F|  |TAMS 0x0000000087e00000, 0x0000000087e00000| Untracked 
|  65|0x0000000087f00000, 0x0000000087f00000, 0x0000000088000000|  0%| F|  |TAMS 0x0000000087f00000, 0x0000000087f00000| Untracked 
|  66|0x0000000088000000, 0x0000000088000000, 0x0000000088100000|  0%| F|  |TAMS 0x0000000088000000, 0x0000000088000000| Untracked 
|  67|0x0000000088100000, 0x0000000088100000, 0x0000000088200000|  0%| F|  |TAMS 0x0000000088100000, 0x0000000088100000| Untracked 
|  68|0x0000000088200000, 0x0000000088200000, 0x0000000088300000|  0%| F|  |TAMS 0x0000000088200000, 0x0000000088200000| Untracked 
|  69|0x0000000088300000, 0x0000000088300000, 0x0000000088400000|  0%| F|  |TAMS 0x0000000088300000, 0x0000000088300000| Untracked 
|  70|0x0000000088400000, 0x0000000088400000, 0x0000000088500000|  0%| F|  |TAMS 0x0000000088400000, 0x0000000088400000| Untracked 
|  71|0x0000000088500000, 0x0000000088500000, 0x0000000088600000|  0%| F|  |TAMS 0x0000000088500000, 0x0000000088500000| Untracked 
|  72|0x0000000088600000, 0x0000000088600000, 0x0000000088700000|  0%| F|  |TAMS 0x0000000088600000, 0x0000000088600000| Untracked 
|  73|0x0000000088700000, 0x0000000088700000, 0x0000000088800000|  0%| F|  |TAMS 0x0000000088700000, 0x0000000088700000| Untracked 
|  74|0x0000000088800000, 0x0000000088800000, 0x0000000088900000|  0%| F|  |TAMS 0x0000000088800000, 0x0000000088800000| Untracked 
|  75|0x0000000088900000, 0x0000000088900000, 0x0000000088a00000|  0%| F|  |TAMS 0x0000000088900000, 0x0000000088900000| Untracked 
|  76|0x0000000088a00000, 0x0000000088a00000, 0x0000000088b00000|  0%| F|  |TAMS 0x0000000088a00000, 0x0000000088a00000| Untracked 
|  77|0x0000000088b00000, 0x0000000088b00000, 0x0000000088c00000|  0%| F|  |TAMS 0x0000000088b00000, 0x0000000088b00000| Untracked 
|  78|0x0000000088c00000, 0x0000000088c00000, 0x0000000088d00000|  0%| F|  |TAMS 0x0000000088c00000, 0x0000000088c00000| Untracked 
|  79|0x0000000088d00000, 0x0000000088d00000, 0x0000000088e00000|  0%| F|  |TAMS 0x0000000088d00000, 0x0000000088d00000| Untracked 
|  80|0x0000000088e00000, 0x0000000088e00000, 0x0000000088f00000|  0%| F|  |TAMS 0x0000000088e00000, 0x0000000088e00000| Untracked 
|  81|0x0000000088f00000, 0x0000000088f00000, 0x0000000089000000|  0%| F|  |TAMS 0x0000000088f00000, 0x0000000088f00000| Untracked 
|  82|0x0000000089000000, 0x0000000089000000, 0x0000000089100000|  0%| F|  |TAMS 0x0000000089000000, 0x0000000089000000| Untracked 
|  83|0x0000000089100000, 0x0000000089100000, 0x0000000089200000|  0%| F|  |TAMS 0x0000000089100000, 0x0000000089100000| Untracked 
|  84|0x0000000089200000, 0x0000000089200000, 0x0000000089300000|  0%| F|  |TAMS 0x0000000089200000, 0x0000000089200000| Untracked 
|  85|0x0000000089300000, 0x0000000089300000, 0x0000000089400000|  0%| F|  |TAMS 0x0000000089300000, 0x0000000089300000| Untracked 
|  86|0x0000000089400000, 0x0000000089400000, 0x0000000089500000|  0%| F|  |TAMS 0x0000000089400000, 0x0000000089400000| Untracked 
|  87|0x0000000089500000, 0x0000000089500000, 0x0000000089600000|  0%| F|  |TAMS 0x0000000089500000, 0x0000000089500000| Untracked 
|  88|0x0000000089600000, 0x0000000089600000, 0x0000000089700000|  0%| F|  |TAMS 0x0000000089600000, 0x0000000089600000| Untracked 
|  89|0x0000000089700000, 0x0000000089700000, 0x0000000089800000|  0%| F|  |TAMS 0x0000000089700000, 0x0000000089700000| Untracked 
|  90|0x0000000089800000, 0x0000000089800000, 0x0000000089900000|  0%| F|  |TAMS 0x0000000089800000, 0x0000000089800000| Untracked 
|  91|0x0000000089900000, 0x0000000089900000, 0x0000000089a00000|  0%| F|  |TAMS 0x0000000089900000, 0x0000000089900000| Untracked 
|  92|0x0000000089a00000, 0x0000000089a00000, 0x0000000089b00000|  0%| F|  |TAMS 0x0000000089a00000, 0x0000000089a00000| Untracked 
|  93|0x0000000089b00000, 0x0000000089b00000, 0x0000000089c00000|  0%| F|  |TAMS 0x0000000089b00000, 0x0000000089b00000| Untracked 
|  94|0x0000000089c00000, 0x0000000089cba260, 0x0000000089d00000| 72%| S|CS|TAMS 0x0000000089c00000, 0x0000000089c00000| Complete 
|  95|0x0000000089d00000, 0x0000000089d00000, 0x0000000089e00000|  0%| F|  |TAMS 0x0000000089d00000, 0x0000000089d00000| Untracked 
|  96|0x0000000089e00000, 0x0000000089e00000, 0x0000000089f00000|  0%| F|  |TAMS 0x0000000089e00000, 0x0000000089e00000| Untracked 
|  97|0x0000000089f00000, 0x0000000089f00000, 0x000000008a000000|  0%| F|  |TAMS 0x0000000089f00000, 0x0000000089f00000| Untracked 
|  98|0x000000008a000000, 0x000000008a000000, 0x000000008a100000|  0%| F|  |TAMS 0x000000008a000000, 0x000000008a000000| Untracked 
|  99|0x000000008a100000, 0x000000008a100000, 0x000000008a200000|  0%| F|  |TAMS 0x000000008a100000, 0x000000008a100000| Untracked 
| 100|0x000000008a200000, 0x000000008a200000, 0x000000008a300000|  0%| F|  |TAMS 0x000000008a200000, 0x000000008a200000| Untracked 
| 101|0x000000008a300000, 0x000000008a300000, 0x000000008a400000|  0%| F|  |TAMS 0x000000008a300000, 0x000000008a300000| Untracked 
| 102|0x000000008a400000, 0x000000008a400000, 0x000000008a500000|  0%| F|  |TAMS 0x000000008a400000, 0x000000008a400000| Untracked 
| 103|0x000000008a500000, 0x000000008a500000, 0x000000008a600000|  0%| F|  |TAMS 0x000000008a500000, 0x000000008a500000| Untracked 
| 104|0x000000008a600000, 0x000000008a600000, 0x000000008a700000|  0%| F|  |TAMS 0x000000008a600000, 0x000000008a600000| Untracked 
| 105|0x000000008a700000, 0x000000008a700000, 0x000000008a800000|  0%| F|  |TAMS 0x000000008a700000, 0x000000008a700000| Untracked 
| 106|0x000000008a800000, 0x000000008a800000, 0x000000008a900000|  0%| F|  |TAMS 0x000000008a800000, 0x000000008a800000| Untracked 
| 107|0x000000008a900000, 0x000000008a900000, 0x000000008aa00000|  0%| F|  |TAMS 0x000000008a900000, 0x000000008a900000| Untracked 
| 108|0x000000008aa00000, 0x000000008aa00000, 0x000000008ab00000|  0%| F|  |TAMS 0x000000008aa00000, 0x000000008aa00000| Untracked 
| 109|0x000000008ab00000, 0x000000008ab00000, 0x000000008ac00000|  0%| F|  |TAMS 0x000000008ab00000, 0x000000008ab00000| Untracked 
| 110|0x000000008ac00000, 0x000000008ac00000, 0x000000008ad00000|  0%| F|  |TAMS 0x000000008ac00000, 0x000000008ac00000| Untracked 
| 111|0x000000008ad00000, 0x000000008ad00000, 0x000000008ae00000|  0%| F|  |TAMS 0x000000008ad00000, 0x000000008ad00000| Untracked 
| 112|0x000000008ae00000, 0x000000008ae00000, 0x000000008af00000|  0%| F|  |TAMS 0x000000008ae00000, 0x000000008ae00000| Untracked 
| 113|0x000000008af00000, 0x000000008af00000, 0x000000008b000000|  0%| F|  |TAMS 0x000000008af00000, 0x000000008af00000| Untracked 
| 114|0x000000008b000000, 0x000000008b000000, 0x000000008b100000|  0%| F|  |TAMS 0x000000008b000000, 0x000000008b000000| Untracked 
| 115|0x000000008b100000, 0x000000008b100000, 0x000000008b200000|  0%| F|  |TAMS 0x000000008b100000, 0x000000008b100000| Untracked 
| 116|0x000000008b200000, 0x000000008b200000, 0x000000008b300000|  0%| F|  |TAMS 0x000000008b200000, 0x000000008b200000| Untracked 
| 117|0x000000008b300000, 0x000000008b300000, 0x000000008b400000|  0%| F|  |TAMS 0x000000008b300000, 0x000000008b300000| Untracked 
| 118|0x000000008b400000, 0x000000008b400000, 0x000000008b500000|  0%| F|  |TAMS 0x000000008b400000, 0x000000008b400000| Untracked 
| 119|0x000000008b500000, 0x000000008b500000, 0x000000008b600000|  0%| F|  |TAMS 0x000000008b500000, 0x000000008b500000| Untracked 
| 120|0x000000008b600000, 0x000000008b600000, 0x000000008b700000|  0%| F|  |TAMS 0x000000008b600000, 0x000000008b600000| Untracked 
| 121|0x000000008b700000, 0x000000008b700000, 0x000000008b800000|  0%| F|  |TAMS 0x000000008b700000, 0x000000008b700000| Untracked 
| 122|0x000000008b800000, 0x000000008b800000, 0x000000008b900000|  0%| F|  |TAMS 0x000000008b800000, 0x000000008b800000| Untracked 
| 123|0x000000008b900000, 0x000000008b900000, 0x000000008ba00000|  0%| F|  |TAMS 0x000000008b900000, 0x000000008b900000| Untracked 
| 124|0x000000008ba00000, 0x000000008ba00000, 0x000000008bb00000|  0%| F|  |TAMS 0x000000008ba00000, 0x000000008ba00000| Untracked 
| 125|0x000000008bb00000, 0x000000008bb00000, 0x000000008bc00000|  0%| F|  |TAMS 0x000000008bb00000, 0x000000008bb00000| Untracked 
| 126|0x000000008bc00000, 0x000000008bc00000, 0x000000008bd00000|  0%| F|  |TAMS 0x000000008bc00000, 0x000000008bc00000| Untracked 
| 127|0x000000008bd00000, 0x000000008bd00000, 0x000000008be00000|  0%| F|  |TAMS 0x000000008bd00000, 0x000000008bd00000| Untracked 
| 128|0x000000008be00000, 0x000000008be00000, 0x000000008bf00000|  0%| F|  |TAMS 0x000000008be00000, 0x000000008be00000| Untracked 
| 129|0x000000008bf00000, 0x000000008bf00000, 0x000000008c000000|  0%| F|  |TAMS 0x000000008bf00000, 0x000000008bf00000| Untracked 
| 130|0x000000008c000000, 0x000000008c000000, 0x000000008c100000|  0%| F|  |TAMS 0x000000008c000000, 0x000000008c000000| Untracked 
| 131|0x000000008c100000, 0x000000008c100000, 0x000000008c200000|  0%| F|  |TAMS 0x000000008c100000, 0x000000008c100000| Untracked 
| 132|0x000000008c200000, 0x000000008c200000, 0x000000008c300000|  0%| F|  |TAMS 0x000000008c200000, 0x000000008c200000| Untracked 
| 133|0x000000008c300000, 0x000000008c300000, 0x000000008c400000|  0%| F|  |TAMS 0x000000008c300000, 0x000000008c300000| Untracked 
| 134|0x000000008c400000, 0x000000008c400000, 0x000000008c500000|  0%| F|  |TAMS 0x000000008c400000, 0x000000008c400000| Untracked 
| 135|0x000000008c500000, 0x000000008c500000, 0x000000008c600000|  0%| F|  |TAMS 0x000000008c500000, 0x000000008c500000| Untracked 
| 136|0x000000008c600000, 0x000000008c600000, 0x000000008c700000|  0%| F|  |TAMS 0x000000008c600000, 0x000000008c600000| Untracked 
| 137|0x000000008c700000, 0x000000008c700000, 0x000000008c800000|  0%| F|  |TAMS 0x000000008c700000, 0x000000008c700000| Untracked 
| 138|0x000000008c800000, 0x000000008c800000, 0x000000008c900000|  0%| F|  |TAMS 0x000000008c800000, 0x000000008c800000| Untracked 
| 139|0x000000008c900000, 0x000000008c900000, 0x000000008ca00000|  0%| F|  |TAMS 0x000000008c900000, 0x000000008c900000| Untracked 
| 140|0x000000008ca00000, 0x000000008ca00000, 0x000000008cb00000|  0%| F|  |TAMS 0x000000008ca00000, 0x000000008ca00000| Untracked 
| 141|0x000000008cb00000, 0x000000008cb00000, 0x000000008cc00000|  0%| F|  |TAMS 0x000000008cb00000, 0x000000008cb00000| Untracked 
| 142|0x000000008cc00000, 0x000000008cc00000, 0x000000008cd00000|  0%| F|  |TAMS 0x000000008cc00000, 0x000000008cc00000| Untracked 
| 143|0x000000008cd00000, 0x000000008cd00000, 0x000000008ce00000|  0%| F|  |TAMS 0x000000008cd00000, 0x000000008cd00000| Untracked 
| 144|0x000000008ce00000, 0x000000008ce00000, 0x000000008cf00000|  0%| F|  |TAMS 0x000000008ce00000, 0x000000008ce00000| Untracked 
| 145|0x000000008cf00000, 0x000000008cf00000, 0x000000008d000000|  0%| F|  |TAMS 0x000000008cf00000, 0x000000008cf00000| Untracked 
| 146|0x000000008d000000, 0x000000008d000000, 0x000000008d100000|  0%| F|  |TAMS 0x000000008d000000, 0x000000008d000000| Untracked 
| 147|0x000000008d100000, 0x000000008d100000, 0x000000008d200000|  0%| F|  |TAMS 0x000000008d100000, 0x000000008d100000| Untracked 
| 148|0x000000008d200000, 0x000000008d200000, 0x000000008d300000|  0%| F|  |TAMS 0x000000008d200000, 0x000000008d200000| Untracked 
| 149|0x000000008d300000, 0x000000008d300000, 0x000000008d400000|  0%| F|  |TAMS 0x000000008d300000, 0x000000008d300000| Untracked 
| 150|0x000000008d400000, 0x000000008d400000, 0x000000008d500000|  0%| F|  |TAMS 0x000000008d400000, 0x000000008d400000| Untracked 
| 151|0x000000008d500000, 0x000000008d500000, 0x000000008d600000|  0%| F|  |TAMS 0x000000008d500000, 0x000000008d500000| Untracked 
| 152|0x000000008d600000, 0x000000008d600000, 0x000000008d700000|  0%| F|  |TAMS 0x000000008d600000, 0x000000008d600000| Untracked 
| 153|0x000000008d700000, 0x000000008d700000, 0x000000008d800000|  0%| F|  |TAMS 0x000000008d700000, 0x000000008d700000| Untracked 
| 154|0x000000008d800000, 0x000000008d800000, 0x000000008d900000|  0%| F|  |TAMS 0x000000008d800000, 0x000000008d800000| Untracked 
| 155|0x000000008d900000, 0x000000008d900000, 0x000000008da00000|  0%| F|  |TAMS 0x000000008d900000, 0x000000008d900000| Untracked 
| 156|0x000000008da00000, 0x000000008da00000, 0x000000008db00000|  0%| F|  |TAMS 0x000000008da00000, 0x000000008da00000| Untracked 
| 157|0x000000008db00000, 0x000000008db00000, 0x000000008dc00000|  0%| F|  |TAMS 0x000000008db00000, 0x000000008db00000| Untracked 
| 158|0x000000008dc00000, 0x000000008dc00000, 0x000000008dd00000|  0%| F|  |TAMS 0x000000008dc00000, 0x000000008dc00000| Untracked 
| 159|0x000000008dd00000, 0x000000008dd00000, 0x000000008de00000|  0%| F|  |TAMS 0x000000008dd00000, 0x000000008dd00000| Untracked 
| 160|0x000000008de00000, 0x000000008de00000, 0x000000008df00000|  0%| F|  |TAMS 0x000000008de00000, 0x000000008de00000| Untracked 
| 161|0x000000008df00000, 0x000000008df00000, 0x000000008e000000|  0%| F|  |TAMS 0x000000008df00000, 0x000000008df00000| Untracked 
| 162|0x000000008e000000, 0x000000008e000000, 0x000000008e100000|  0%| F|  |TAMS 0x000000008e000000, 0x000000008e000000| Untracked 
| 163|0x000000008e100000, 0x000000008e100000, 0x000000008e200000|  0%| F|  |TAMS 0x000000008e100000, 0x000000008e100000| Untracked 
| 164|0x000000008e200000, 0x000000008e200000, 0x000000008e300000|  0%| F|  |TAMS 0x000000008e200000, 0x000000008e200000| Untracked 
| 165|0x000000008e300000, 0x000000008e300000, 0x000000008e400000|  0%| F|  |TAMS 0x000000008e300000, 0x000000008e300000| Untracked 
| 166|0x000000008e400000, 0x000000008e480800, 0x000000008e500000| 50%| E|  |TAMS 0x000000008e400000, 0x000000008e400000| Complete 
| 167|0x000000008e500000, 0x000000008e600000, 0x000000008e600000|100%| E|CS|TAMS 0x000000008e500000, 0x000000008e500000| Complete 
| 168|0x000000008e600000, 0x000000008e700000, 0x000000008e700000|100%| E|CS|TAMS 0x000000008e600000, 0x000000008e600000| Complete 
| 169|0x000000008e700000, 0x000000008e800000, 0x000000008e800000|100%| E|CS|TAMS 0x000000008e700000, 0x000000008e700000| Complete 
| 170|0x000000008e800000, 0x000000008e900000, 0x000000008e900000|100%| E|CS|TAMS 0x000000008e800000, 0x000000008e800000| Complete 
| 171|0x000000008e900000, 0x000000008ea00000, 0x000000008ea00000|100%| E|CS|TAMS 0x000000008e900000, 0x000000008e900000| Complete 
| 172|0x000000008ea00000, 0x000000008eb00000, 0x000000008eb00000|100%| E|CS|TAMS 0x000000008ea00000, 0x000000008ea00000| Complete 
| 173|0x000000008eb00000, 0x000000008ec00000, 0x000000008ec00000|100%| E|CS|TAMS 0x000000008eb00000, 0x000000008eb00000| Complete 
| 174|0x000000008ec00000, 0x000000008ed00000, 0x000000008ed00000|100%| E|CS|TAMS 0x000000008ec00000, 0x000000008ec00000| Complete 
| 175|0x000000008ed00000, 0x000000008ee00000, 0x000000008ee00000|100%| E|CS|TAMS 0x000000008ed00000, 0x000000008ed00000| Complete 
| 176|0x000000008ee00000, 0x000000008ef00000, 0x000000008ef00000|100%| E|CS|TAMS 0x000000008ee00000, 0x000000008ee00000| Complete 
| 177|0x000000008ef00000, 0x000000008f000000, 0x000000008f000000|100%| E|CS|TAMS 0x000000008ef00000, 0x000000008ef00000| Complete 
| 178|0x000000008f000000, 0x000000008f100000, 0x000000008f100000|100%| E|CS|TAMS 0x000000008f000000, 0x000000008f000000| Complete 
| 179|0x000000008f100000, 0x000000008f200000, 0x000000008f200000|100%| E|CS|TAMS 0x000000008f100000, 0x000000008f100000| Complete 
| 180|0x000000008f200000, 0x000000008f300000, 0x000000008f300000|100%| E|CS|TAMS 0x000000008f200000, 0x000000008f200000| Complete 
| 181|0x000000008f300000, 0x000000008f400000, 0x000000008f400000|100%| E|CS|TAMS 0x000000008f300000, 0x000000008f300000| Complete 
| 182|0x000000008f400000, 0x000000008f500000, 0x000000008f500000|100%| E|CS|TAMS 0x000000008f400000, 0x000000008f400000| Complete 
| 183|0x000000008f500000, 0x000000008f600000, 0x000000008f600000|100%| E|CS|TAMS 0x000000008f500000, 0x000000008f500000| Complete 
| 184|0x000000008f600000, 0x000000008f700000, 0x000000008f700000|100%| E|CS|TAMS 0x000000008f600000, 0x000000008f600000| Complete 
| 185|0x000000008f700000, 0x000000008f800000, 0x000000008f800000|100%| E|CS|TAMS 0x000000008f700000, 0x000000008f700000| Complete 
| 186|0x000000008f800000, 0x000000008f900000, 0x000000008f900000|100%| E|CS|TAMS 0x000000008f800000, 0x000000008f800000| Complete 
| 187|0x000000008f900000, 0x000000008fa00000, 0x000000008fa00000|100%| E|CS|TAMS 0x000000008f900000, 0x000000008f900000| Complete 
| 188|0x000000008fa00000, 0x000000008fb00000, 0x000000008fb00000|100%| E|CS|TAMS 0x000000008fa00000, 0x000000008fa00000| Complete 
| 189|0x000000008fb00000, 0x000000008fc00000, 0x000000008fc00000|100%| E|CS|TAMS 0x000000008fb00000, 0x000000008fb00000| Complete 
| 190|0x000000008fc00000, 0x000000008fd00000, 0x000000008fd00000|100%| E|CS|TAMS 0x000000008fc00000, 0x000000008fc00000| Complete 
| 191|0x000000008fd00000, 0x000000008fe00000, 0x000000008fe00000|100%| E|CS|TAMS 0x000000008fd00000, 0x000000008fd00000| Complete 
| 192|0x000000008fe00000, 0x000000008ff00000, 0x000000008ff00000|100%| E|CS|TAMS 0x000000008fe00000, 0x000000008fe00000| Complete 
| 193|0x000000008ff00000, 0x0000000090000000, 0x0000000090000000|100%| E|CS|TAMS 0x000000008ff00000, 0x000000008ff00000| Complete 
| 194|0x0000000090000000, 0x0000000090100000, 0x0000000090100000|100%| E|CS|TAMS 0x0000000090000000, 0x0000000090000000| Complete 
| 195|0x0000000090100000, 0x0000000090200000, 0x0000000090200000|100%| E|CS|TAMS 0x0000000090100000, 0x0000000090100000| Complete 
| 196|0x0000000090200000, 0x0000000090300000, 0x0000000090300000|100%| E|CS|TAMS 0x0000000090200000, 0x0000000090200000| Complete 
| 197|0x0000000090300000, 0x0000000090400000, 0x0000000090400000|100%| E|CS|TAMS 0x0000000090300000, 0x0000000090300000| Complete 
| 198|0x0000000090400000, 0x0000000090500000, 0x0000000090500000|100%| E|CS|TAMS 0x0000000090400000, 0x0000000090400000| Complete 
| 199|0x0000000090500000, 0x0000000090600000, 0x0000000090600000|100%| E|CS|TAMS 0x0000000090500000, 0x0000000090500000| Complete 
| 200|0x0000000090600000, 0x0000000090700000, 0x0000000090700000|100%| E|CS|TAMS 0x0000000090600000, 0x0000000090600000| Complete 
| 201|0x0000000090700000, 0x0000000090800000, 0x0000000090800000|100%| E|CS|TAMS 0x0000000090700000, 0x0000000090700000| Complete 
| 202|0x0000000090800000, 0x0000000090900000, 0x0000000090900000|100%| E|CS|TAMS 0x0000000090800000, 0x0000000090800000| Complete 
| 203|0x0000000090900000, 0x0000000090a00000, 0x0000000090a00000|100%| E|CS|TAMS 0x0000000090900000, 0x0000000090900000| Complete 
| 204|0x0000000090a00000, 0x0000000090b00000, 0x0000000090b00000|100%| E|CS|TAMS 0x0000000090a00000, 0x0000000090a00000| Complete 
| 205|0x0000000090b00000, 0x0000000090c00000, 0x0000000090c00000|100%| E|CS|TAMS 0x0000000090b00000, 0x0000000090b00000| Complete 
| 206|0x0000000090c00000, 0x0000000090d00000, 0x0000000090d00000|100%| E|CS|TAMS 0x0000000090c00000, 0x0000000090c00000| Complete 
| 207|0x0000000090d00000, 0x0000000090e00000, 0x0000000090e00000|100%| E|CS|TAMS 0x0000000090d00000, 0x0000000090d00000| Complete 
| 208|0x0000000090e00000, 0x0000000090f00000, 0x0000000090f00000|100%| E|CS|TAMS 0x0000000090e00000, 0x0000000090e00000| Complete 
| 209|0x0000000090f00000, 0x0000000091000000, 0x0000000091000000|100%| E|CS|TAMS 0x0000000090f00000, 0x0000000090f00000| Complete 
| 210|0x0000000091000000, 0x0000000091100000, 0x0000000091100000|100%| E|CS|TAMS 0x0000000091000000, 0x0000000091000000| Complete 
| 211|0x0000000091100000, 0x0000000091200000, 0x0000000091200000|100%| E|CS|TAMS 0x0000000091100000, 0x0000000091100000| Complete 
| 212|0x0000000091200000, 0x0000000091300000, 0x0000000091300000|100%| E|CS|TAMS 0x0000000091200000, 0x0000000091200000| Complete 
| 213|0x0000000091300000, 0x0000000091400000, 0x0000000091400000|100%| E|CS|TAMS 0x0000000091300000, 0x0000000091300000| Complete 
| 214|0x0000000091400000, 0x0000000091500000, 0x0000000091500000|100%| E|CS|TAMS 0x0000000091400000, 0x0000000091400000| Complete 

Card table byte_map: [0x00000237174f0000,0x00000237178e0000] _byte_map_base: 0x00000237170d1000

Marking Bits (Prev, Next): (CMBitMap*) 0x0000023704946870, (CMBitMap*) 0x00000237049468b0
 Prev Bits: [0x0000023717cd0000, 0x0000023719bd8000)
 Next Bits: [0x0000023719be0000, 0x000002371bae8000)

Polling page: 0x00000237027f0000

Metaspace:

Usage:
  Non-class:     67.70 MB used.
      Class:      8.72 MB used.
       Both:     76.41 MB used.

Virtual space:
  Non-class space:      128.00 MB reserved,      67.88 MB ( 53%) committed,  2 nodes.
      Class space:        1.00 GB reserved,       8.88 MB ( <1%) committed,  1 nodes.
             Both:        1.12 GB reserved,      76.75 MB (  7%) committed. 

Chunk freelists:
   Non-Class:  11.98 MB
       Class:  7.17 MB
        Both:  19.16 MB

MaxMetaspaceSize: unlimited
CompressedClassSpaceSize: 1.00 GB
Initial GC threshold: 21.00 MB
Current GC threshold: 106.88 MB
CDS: off
MetaspaceReclaimPolicy: balanced
 - commit_granule_bytes: 65536.
 - commit_granule_words: 8192.
 - virtual_space_node_default_size: 8388608.
 - enlarge_chunks_in_place: 1.
 - new_chunks_are_fully_committed: 0.
 - uncommit_free_chunks: 1.
 - use_allocation_guard: 0.
 - handle_deallocations: 1.


Internal statistics:

num_allocs_failed_limit: 6.
num_arena_births: 384.
num_arena_deaths: 0.
num_vsnodes_births: 3.
num_vsnodes_deaths: 0.
num_space_committed: 1226.
num_space_uncommitted: 0.
num_chunks_returned_to_freelist: 6.
num_chunks_taken_from_freelist: 2825.
num_chunk_merges: 3.
num_chunk_splits: 2353.
num_chunks_enlarged: 2094.
num_inconsistent_stats: 0.

CodeHeap 'non-profiled nmethods': size=120000Kb used=3850Kb max_used=3990Kb free=116150Kb
 bounds [0x000002370f890000, 0x000002370fc90000, 0x0000023716dc0000]
CodeHeap 'profiled nmethods': size=120000Kb used=19778Kb max_used=20457Kb free=100221Kb
 bounds [0x0000023707dc0000, 0x00000237091c0000, 0x000002370f2f0000]
CodeHeap 'non-nmethods': size=5760Kb used=1395Kb max_used=1462Kb free=4364Kb
 bounds [0x000002370f2f0000, 0x000002370f560000, 0x000002370f890000]
 total_blobs=8757 nmethods=8028 adapters=637
 compilation: enabled
              stopped_count=0, restarted_count=0
 full_count=0

Compilation events (20 events):
Event: 14.644 Thread 0x000002371e6f6520 9357       1       kotlin.collections.builders.ListBuilder::access$getLength$p (5 bytes)
Event: 14.644 Thread 0x000002371e6f6520 nmethod 9357 0x000002370fb03b10 code [0x000002370fb03ca0, 0x000002370fb03d58]
Event: 14.644 Thread 0x000002371e6f6520 9345       1       org.jetbrains.kotlin.backend.jvm.codegen.BlockInfo::getVariables (5 bytes)
Event: 14.644 Thread 0x000002371e6f6520 nmethod 9345 0x000002370fb03810 code [0x000002370fb039a0, 0x000002370fb03a78]
Event: 14.644 Thread 0x000002371e6f6520 9341       1       org.jetbrains.kotlin.backend.jvm.codegen.ExpressionCodegen::getLastLineNumber (5 bytes)
Event: 14.644 Thread 0x000002371e6f6520 nmethod 9341 0x000002370fb03510 code [0x000002370fb036a0, 0x000002370fb03778]
Event: 14.644 Thread 0x000002371e6f6520 9364       3       org.jetbrains.kotlin.codegen.coroutines.UninitializedStoresProcessor$UninitializedNewValueMarkerInterpreter::merge (16 bytes)
Event: 14.645 Thread 0x000002371e6f6520 nmethod 9364 0x0000023708e23e10 code [0x0000023708e23fc0, 0x0000023708e242c8]
Event: 14.645 Thread 0x000002371e6f6520 9365       3       org.jetbrains.kotlin.codegen.coroutines.UninitializedStoresProcessor$UninitializedNewValueMarkerInterpreter::merge (133 bytes)
Event: 14.645 Thread 0x000002372472f0b0 nmethod 9362 0x000002370f905010 code [0x000002370f905180, 0x000002370f905238]
Event: 14.645 Thread 0x000002372472f0b0 9363       4       org.jetbrains.org.objectweb.asm.Type::getReturnType (13 bytes)
Event: 14.646 Thread 0x000002371e6f6520 nmethod 9365 0x0000023708b6a790 code [0x0000023708b6aac0, 0x0000023708b6beb8]
Event: 14.646 Thread 0x000002371e6f6520 9366       3       org.jetbrains.kotlin.codegen.optimization.nullCheck.RedundantNullCheckMethodTransformerKt::isInstanceOfOrNullCheck (42 bytes)
Event: 14.647 Thread 0x000002371e6f6520 nmethod 9366 0x0000023708b30c10 code [0x0000023708b30e20, 0x0000023708b31618]
Event: 14.647 Thread 0x000002371e6f6520 9367       3       org.jetbrains.kotlin.codegen.optimization.common.OptimizationBasicInterpreter::merge (203 bytes)
Event: 14.648 Thread 0x000002371e6f6520 nmethod 9367 0x0000023707e4d110 code [0x0000023707e4d3e0, 0x0000023707e4e218]
Event: 14.649 Thread 0x000002371e6f6520 9368       3       org.jetbrains.kotlin.codegen.optimization.nullCheck.NullabilityInterpreter::merge (16 bytes)
Event: 14.649 Thread 0x000002371e6f6520 nmethod 9368 0x0000023708eb3e90 code [0x0000023708eb4040, 0x0000023708eb4348]
Event: 14.649 Thread 0x000002371e6f6520 9369       3       org.jetbrains.kotlin.codegen.optimization.nullCheck.NullabilityInterpreter::merge (188 bytes)
Event: 14.652 Thread 0x000002371e6f6520 nmethod 9369 0x0000023708786290 code [0x00000237087866a0, 0x0000023708788ef8]

GC Heap History (20 events):
Event: 7.222 GC heap before
{Heap before GC invocations=13 (full 0):
 garbage-first heap   total 73728K, used 55632K [0x0000000083e00000, 0x0000000100000000)
  region size 1024K, 25 young (25600K), 3 survivors (3072K)
 Metaspace       used 52147K, committed 52352K, reserved 1114112K
  class space    used 6272K, committed 6336K, reserved 1048576K
}
Event: 7.236 GC heap after
{Heap after GC invocations=14 (full 0):
 garbage-first heap   total 73728K, used 34090K [0x0000000083e00000, 0x0000000100000000)
  region size 1024K, 2 young (2048K), 2 survivors (2048K)
 Metaspace       used 52147K, committed 52352K, reserved 1114112K
  class space    used 6272K, committed 6336K, reserved 1048576K
}
Event: 7.791 GC heap before
{Heap before GC invocations=14 (full 0):
 garbage-first heap   total 73728K, used 56618K [0x0000000083e00000, 0x0000000100000000)
  region size 1024K, 24 young (24576K), 2 survivors (2048K)
 Metaspace       used 52764K, committed 52992K, reserved 1114112K
  class space    used 6296K, committed 6400K, reserved 1048576K
}
Event: 7.805 GC heap after
{Heap after GC invocations=15 (full 0):
 garbage-first heap   total 73728K, used 37392K [0x0000000083e00000, 0x0000000100000000)
  region size 1024K, 3 young (3072K), 3 survivors (3072K)
 Metaspace       used 52764K, committed 52992K, reserved 1114112K
  class space    used 6296K, committed 6400K, reserved 1048576K
}
Event: 8.316 GC heap before
{Heap before GC invocations=15 (full 0):
 garbage-first heap   total 73728K, used 56848K [0x0000000083e00000, 0x0000000100000000)
  region size 1024K, 22 young (22528K), 3 survivors (3072K)
 Metaspace       used 54178K, committed 54400K, reserved 1114112K
  class space    used 6454K, committed 6528K, reserved 1048576K
}
Event: 8.331 GC heap after
{Heap after GC invocations=16 (full 0):
 garbage-first heap   total 73728K, used 39753K [0x0000000083e00000, 0x0000000100000000)
  region size 1024K, 2 young (2048K), 2 survivors (2048K)
 Metaspace       used 54178K, committed 54400K, reserved 1114112K
  class space    used 6454K, committed 6528K, reserved 1048576K
}
Event: 8.691 GC heap before
{Heap before GC invocations=17 (full 0):
 garbage-first heap   total 76800K, used 58185K [0x0000000083e00000, 0x0000000100000000)
  region size 1024K, 20 young (20480K), 2 survivors (2048K)
 Metaspace       used 54696K, committed 54912K, reserved 1114112K
  class space    used 6520K, committed 6592K, reserved 1048576K
}
Event: 8.700 GC heap after
{Heap after GC invocations=18 (full 0):
 garbage-first heap   total 76800K, used 43008K [0x0000000083e00000, 0x0000000100000000)
  region size 1024K, 3 young (3072K), 3 survivors (3072K)
 Metaspace       used 54696K, committed 54912K, reserved 1114112K
  class space    used 6520K, committed 6592K, reserved 1048576K
}
Event: 8.706 GC heap before
{Heap before GC invocations=18 (full 0):
 garbage-first heap   total 76800K, used 43008K [0x0000000083e00000, 0x0000000100000000)
  region size 1024K, 4 young (4096K), 3 survivors (3072K)
 Metaspace       used 54697K, committed 54912K, reserved 1114112K
  class space    used 6520K, committed 6592K, reserved 1048576K
}
Event: 8.714 GC heap after
{Heap after GC invocations=19 (full 0):
 garbage-first heap   total 99328K, used 42976K [0x0000000083e00000, 0x0000000100000000)
  region size 1024K, 1 young (1024K), 1 survivors (1024K)
 Metaspace       used 54697K, committed 54912K, reserved 1114112K
  class space    used 6520K, committed 6592K, reserved 1048576K
}
Event: 9.639 GC heap before
{Heap before GC invocations=19 (full 0):
 garbage-first heap   total 99328K, used 75744K [0x0000000083e00000, 0x0000000100000000)
  region size 1024K, 33 young (33792K), 1 survivors (1024K)
 Metaspace       used 57789K, committed 58048K, reserved 1114112K
  class space    used 6851K, committed 6976K, reserved 1048576K
}
Event: 9.651 GC heap after
{Heap after GC invocations=20 (full 0):
 garbage-first heap   total 99328K, used 46259K [0x0000000083e00000, 0x0000000100000000)
  region size 1024K, 4 young (4096K), 4 survivors (4096K)
 Metaspace       used 57789K, committed 58048K, reserved 1114112K
  class space    used 6851K, committed 6976K, reserved 1048576K
}
Event: 10.809 GC heap before
{Heap before GC invocations=20 (full 0):
 garbage-first heap   total 99328K, used 76979K [0x0000000083e00000, 0x0000000100000000)
  region size 1024K, 34 young (34816K), 4 survivors (4096K)
 Metaspace       used 63186K, committed 63488K, reserved 1114112K
  class space    used 7406K, committed 7488K, reserved 1048576K
}
Event: 10.823 GC heap after
{Heap after GC invocations=21 (full 0):
 garbage-first heap   total 99328K, used 49506K [0x0000000083e00000, 0x0000000100000000)
  region size 1024K, 4 young (4096K), 4 survivors (4096K)
 Metaspace       used 63186K, committed 63488K, reserved 1114112K
  class space    used 7406K, committed 7488K, reserved 1048576K
}
Event: 11.882 GC heap before
{Heap before GC invocations=21 (full 0):
 garbage-first heap   total 99328K, used 77154K [0x0000000083e00000, 0x0000000100000000)
  region size 1024K, 31 young (31744K), 4 survivors (4096K)
 Metaspace       used 65200K, committed 65536K, reserved 1114112K
  class space    used 7639K, committed 7808K, reserved 1048576K
}
Event: 11.903 GC heap after
{Heap after GC invocations=22 (full 0):
 garbage-first heap   total 99328K, used 53526K [0x0000000083e00000, 0x0000000100000000)
  region size 1024K, 4 young (4096K), 4 survivors (4096K)
 Metaspace       used 65200K, committed 65536K, reserved 1114112K
  class space    used 7639K, committed 7808K, reserved 1048576K
}
Event: 12.698 GC heap before
{Heap before GC invocations=23 (full 0):
 garbage-first heap   total 99328K, used 77078K [0x0000000083e00000, 0x0000000100000000)
  region size 1024K, 28 young (28672K), 4 survivors (4096K)
 Metaspace       used 70171K, committed 70528K, reserved 1114112K
  class space    used 8198K, committed 8384K, reserved 1048576K
}
Event: 12.713 GC heap after
{Heap after GC invocations=24 (full 0):
 garbage-first heap   total 99328K, used 55262K [0x0000000083e00000, 0x0000000100000000)
  region size 1024K, 2 young (2048K), 2 survivors (2048K)
 Metaspace       used 70171K, committed 70528K, reserved 1114112K
  class space    used 8198K, committed 8384K, reserved 1048576K
}
Event: 12.748 GC heap before
{Heap before GC invocations=24 (full 0):
 garbage-first heap   total 99328K, used 57310K [0x0000000083e00000, 0x0000000100000000)
  region size 1024K, 4 young (4096K), 2 survivors (2048K)
 Metaspace       used 70203K, committed 70528K, reserved 1114112K
  class space    used 8198K, committed 8384K, reserved 1048576K
}
Event: 12.767 GC heap after
{Heap after GC invocations=25 (full 0):
 garbage-first heap   total 220160K, used 55778K [0x0000000083e00000, 0x0000000100000000)
  region size 1024K, 1 young (1024K), 1 survivors (1024K)
 Metaspace       used 70203K, committed 70528K, reserved 1114112K
  class space    used 8198K, committed 8384K, reserved 1048576K
}

Dll operation events (2 events):
Event: 0.019 Loaded shared library C:\Users\Sila\AppData\Local\Programs\Android Studio 2\jbr\bin\java.dll
Event: 2.519 Loaded shared library C:\Users\Sila\AppData\Local\Programs\Android Studio 2\jbr\bin\verify.dll

Deoptimization events (20 events):
Event: 14.456 Thread 0x00000237048ee160 Uncommon trap: trap_request=0xffffffc6 fr.pc=0x000002370fc261a4 relative=0x0000000000000e44
Event: 14.456 Thread 0x00000237048ee160 Uncommon trap: reason=bimorphic_or_optimized_type_check action=maybe_recompile pc=0x000002370fc261a4 method=gnu.trove.THash.postInsertHook(Z)V @ 60 c2
Event: 14.456 Thread 0x00000237048ee160 DEOPT PACKING pc=0x000002370fc261a4 sp=0x000000c17aafde00
Event: 14.456 Thread 0x00000237048ee160 DEOPT UNPACKING pc=0x000002370f3469a3 sp=0x000000c17aafde18 mode 2
Event: 14.471 Thread 0x00000237048ee160 Uncommon trap: trap_request=0xffffffc6 fr.pc=0x000002370fc261a4 relative=0x0000000000000e44
Event: 14.471 Thread 0x00000237048ee160 Uncommon trap: reason=bimorphic_or_optimized_type_check action=maybe_recompile pc=0x000002370fc261a4 method=gnu.trove.THash.postInsertHook(Z)V @ 60 c2
Event: 14.471 Thread 0x00000237048ee160 DEOPT PACKING pc=0x000002370fc261a4 sp=0x000000c17aafdbd0
Event: 14.471 Thread 0x00000237048ee160 DEOPT UNPACKING pc=0x000002370f3469a3 sp=0x000000c17aafdbe8 mode 2
Event: 14.471 Thread 0x00000237048ee160 Uncommon trap: trap_request=0xffffffc6 fr.pc=0x000002370fc261a4 relative=0x0000000000000e44
Event: 14.471 Thread 0x00000237048ee160 Uncommon trap: reason=bimorphic_or_optimized_type_check action=maybe_recompile pc=0x000002370fc261a4 method=gnu.trove.THash.postInsertHook(Z)V @ 60 c2
Event: 14.471 Thread 0x00000237048ee160 DEOPT PACKING pc=0x000002370fc261a4 sp=0x000000c17aafdbd0
Event: 14.471 Thread 0x00000237048ee160 DEOPT UNPACKING pc=0x000002370f3469a3 sp=0x000000c17aafdbe8 mode 2
Event: 14.511 Thread 0x00000237048ee160 Uncommon trap: trap_request=0xffffffde fr.pc=0x000002370fc2c588 relative=0x0000000000000248
Event: 14.511 Thread 0x00000237048ee160 Uncommon trap: reason=class_check action=maybe_recompile pc=0x000002370fc2c588 method=org.jetbrains.kotlin.utils.ThreadLocalDelegate.getValue(Ljava/lang/Object;Lkotlin/reflect/KProperty;)Ljava/lang/Object; @ 42 c2
Event: 14.511 Thread 0x00000237048ee160 DEOPT PACKING pc=0x000002370fc2c588 sp=0x000000c17aafc2f0
Event: 14.511 Thread 0x00000237048ee160 DEOPT UNPACKING pc=0x000002370f3469a3 sp=0x000000c17aafc280 mode 2
Event: 14.631 Thread 0x00000237048ee160 Uncommon trap: trap_request=0xffffffc6 fr.pc=0x000002370fc261a4 relative=0x0000000000000e44
Event: 14.631 Thread 0x00000237048ee160 Uncommon trap: reason=bimorphic_or_optimized_type_check action=maybe_recompile pc=0x000002370fc261a4 method=gnu.trove.THash.postInsertHook(Z)V @ 60 c2
Event: 14.631 Thread 0x00000237048ee160 DEOPT PACKING pc=0x000002370fc261a4 sp=0x000000c17aafbfe0
Event: 14.631 Thread 0x00000237048ee160 DEOPT UNPACKING pc=0x000002370f3469a3 sp=0x000000c17aafbff8 mode 2

Classes unloaded (0 events):
No events

Classes redefined (0 events):
No events

Internal exceptions (20 events):
Event: 5.135 Thread 0x00000237048ee160 Exception <a 'java/lang/NoSuchMethodError'{0x0000000086feb840}: 'java.lang.Object java.lang.invoke.Invokers$Holder.linkToTargetMethod(java.lang.Object, java.lang.Object, int, java.lang.Object)'> (0x0000000086feb840) 
thrown [s\src\hotspot\share\interpreter\linkResolver.cpp, line 771]
Event: 6.238 Thread 0x00000237048ee160 Exception <a 'java/lang/NoSuchMethodError'{0x0000000089527808}: 'java.lang.Object java.lang.invoke.DirectMethodHandle$Holder.newInvokeSpecial(java.lang.Object, java.lang.Object, java.lang.Object, java.lang.Object, java.lang.Object, java.lang.Object)'> (0x0000000089527808) 
thrown [s\src\hotspot\share\interpreter\linkResolver.cpp, line 771]
Event: 6.398 Thread 0x00000237048ee160 Exception <a 'java/lang/NoSuchMethodError'{0x00000000872f4408}: 'java.lang.Object java.lang.invoke.DirectMethodHandle$Holder.invokeStaticInit(java.lang.Object, java.lang.Object, java.lang.Object)'> (0x00000000872f4408) 
thrown [s\src\hotspot\share\interpreter\linkResolver.cpp, line 771]
Event: 7.688 Thread 0x00000237048ee160 Exception <a 'java/lang/NoSuchMethodError'{0x0000000087363340}: 'java.lang.Object java.lang.invoke.DirectMethodHandle$Holder.newInvokeSpecial(java.lang.Object, int, java.lang.Object)'> (0x0000000087363340) 
thrown [s\src\hotspot\share\interpreter\linkResolver.cpp, line 771]
Event: 7.690 Thread 0x00000237048ee160 Exception <a 'java/lang/NoSuchMethodError'{0x0000000087369678}: 'int java.lang.invoke.DirectMethodHandle$Holder.invokeInterface(java.lang.Object, java.lang.Object)'> (0x0000000087369678) 
thrown [s\src\hotspot\share\interpreter\linkResolver.cpp, line 771]
Event: 7.711 Thread 0x00000237048ee160 Implicit null exception at 0x000002370f8e856f to 0x000002370f8e874c
Event: 7.711 Thread 0x00000237048ee160 Implicit null exception at 0x000002370f8e548f to 0x000002370f8e5509
Event: 7.952 Thread 0x00000237048ee160 Exception <a 'java/lang/NoSuchMethodError'{0x00000000880c5538}: 'int java.lang.invoke.DirectMethodHandle$Holder.invokeStaticInit(java.lang.Object, int)'> (0x00000000880c5538) 
thrown [s\src\hotspot\share\interpreter\linkResolver.cpp, line 771]
Event: 8.234 Thread 0x00000237048ee160 Implicit null exception at 0x000002370fab7940 to 0x000002370fab7d58
Event: 8.245 Thread 0x00000237048ee160 Implicit null exception at 0x000002370fa3d0ef to 0x000002370fa3d2e4
Event: 8.631 Thread 0x00000237048ee160 Implicit null exception at 0x000002370f999014 to 0x000002370f99910c
Event: 8.631 Thread 0x00000237048ee160 Implicit null exception at 0x000002370f8f4c60 to 0x000002370f8f4cfa
Event: 9.237 Thread 0x00000237048ee160 Exception <a 'java/lang/NoSuchMethodError'{0x000000008890f838}: 'java.lang.Object java.lang.invoke.DirectMethodHandle$Holder.newInvokeSpecial(java.lang.Object, java.lang.Object, java.lang.Object, java.lang.Object, java.lang.Object, java.lang.Object, java.lang.Object)'> (0x000000008890f838) 
thrown [s\src\hotspot\share\interpreter\linkResolver.cpp, line 771]
Event: 9.238 Thread 0x00000237048ee160 Exception <a 'java/lang/NoSuchMethodError'{0x00000000889143f0}: 'java.lang.Object java.lang.invoke.Invokers$Holder.linkToTargetMethod(java.lang.Object, java.lang.Object, java.lang.Object, java.lang.Object, java.lang.Object, java.lang.Object, java.lang.Object)'> (0x00000000889143f0) 
thrown [s\src\hotspot\share\interpreter\linkResolver.cpp, line 771]
Event: 9.461 Thread 0x00000237048ee160 Implicit null exception at 0x000002370f92fa6f to 0x000002370f92fc44
Event: 10.574 Thread 0x00000237048ee160 Exception <a 'java/lang/NoSuchMethodError'{0x00000000887c5200}: 'java.lang.Object java.lang.invoke.DirectMethodHandle$Holder.invokeSpecial(java.lang.Object, java.lang.Object, int, int, java.lang.Object, java.lang.Object, java.lang.Object, java.lang.Object, java.lang.Object)'> (0x00000000887c5200) 
thrown [s\src\hotspot\share\interpreter\linkResolver.cpp, line 771]
Event: 10.579 Thread 0x00000237048ee160 Exception <a 'java/lang/NoSuchMethodError'{0x00000000887df568}: 'java.lang.Object java.lang.invoke.DirectMethodHandle$Holder.invokeStatic(java.lang.Object, int, java.lang.Object)'> (0x00000000887df568) 
thrown [s\src\hotspot\share\interpreter\linkResolver.cpp, line 771]
Event: 10.590 Thread 0x00000237048ee160 Exception <a 'java/lang/NoSuchMethodError'{0x0000000088607a28}: 'java.lang.Object java.lang.invoke.DirectMethodHandle$Holder.newInvokeSpecial(java.lang.Object, int, java.lang.Object, java.lang.Object)'> (0x0000000088607a28) 
thrown [s\src\hotspot\share\interpreter\linkResolver.cpp, line 771]
Event: 11.920 Thread 0x00000237048ee160 Implicit null exception at 0x000002370f8fd8ef to 0x000002370f8fdb2c
Event: 14.261 Thread 0x00000237048ee160 Implicit null exception at 0x000002370fa1cd4f to 0x000002370fa1cff8

VM Operations (20 events):
Event: 13.795 Executing VM operation: HandshakeAllThreads
Event: 13.796 Executing VM operation: HandshakeAllThreads done
Event: 13.818 Executing VM operation: HandshakeAllThreads
Event: 13.818 Executing VM operation: HandshakeAllThreads done
Event: 13.823 Executing VM operation: HandshakeAllThreads
Event: 13.823 Executing VM operation: HandshakeAllThreads done
Event: 13.859 Executing VM operation: HandshakeAllThreads
Event: 13.859 Executing VM operation: HandshakeAllThreads done
Event: 13.929 Executing VM operation: HandshakeAllThreads
Event: 13.929 Executing VM operation: HandshakeAllThreads done
Event: 14.170 Executing VM operation: ICBufferFull
Event: 14.170 Executing VM operation: ICBufferFull done
Event: 14.187 Executing VM operation: HandshakeAllThreads
Event: 14.187 Executing VM operation: HandshakeAllThreads done
Event: 14.315 Executing VM operation: HandshakeAllThreads
Event: 14.315 Executing VM operation: HandshakeAllThreads done
Event: 14.397 Executing VM operation: ICBufferFull
Event: 14.397 Executing VM operation: ICBufferFull done
Event: 14.571 Executing VM operation: HandshakeAllThreads
Event: 14.572 Executing VM operation: HandshakeAllThreads done

Events (20 events):
Event: 13.881 Thread 0x000002371e6f8e40 flushing nmethod 0x0000023708f32510
Event: 13.881 Thread 0x000002371e6f8e40 flushing nmethod 0x0000023708f34290
Event: 13.881 Thread 0x000002371e6f8e40 flushing nmethod 0x0000023708f39d90
Event: 13.881 Thread 0x000002371e6f8e40 flushing nmethod 0x0000023708f43f10
Event: 13.881 Thread 0x000002371e6f8e40 flushing nmethod 0x0000023708fb5c10
Event: 13.881 Thread 0x000002371e6f8e40 flushing nmethod 0x0000023708fcd590
Event: 13.881 Thread 0x000002371e6f8e40 flushing nmethod 0x0000023708fee290
Event: 13.881 Thread 0x000002371e6f8e40 flushing nmethod 0x0000023709003810
Event: 13.882 Thread 0x000002371e6f8e40 flushing nmethod 0x00000237090b4e10
Event: 13.882 Thread 0x000002371e6f8e40 flushing nmethod 0x00000237090cba90
Event: 13.882 Thread 0x000002371e6f8e40 flushing nmethod 0x00000237090dea90
Event: 13.882 Thread 0x000002371e6f8e40 flushing nmethod 0x00000237090e5d90
Event: 13.882 Thread 0x000002371e6f8e40 flushing nmethod 0x00000237090f0d10
Event: 13.882 Thread 0x000002371e6f8e40 flushing nmethod 0x0000023709102310
Event: 13.882 Thread 0x000002371e6f8e40 flushing nmethod 0x000002370910dd90
Event: 13.882 Thread 0x000002371e6f8e40 flushing nmethod 0x0000023709111790
Event: 14.027 Thread 0x000002372472f0b0 Thread exited: 0x000002372472f0b0
Event: 14.048 Thread 0x000002372472f0b0 Thread added: 0x000002372472f0b0
Event: 14.246 loading class java/util/Vector$Itr
Event: 14.246 loading class java/util/Vector$Itr done


Dynamic libraries:
0x00007ff7b2a70000 - 0x00007ff7b2a7a000 	C:\Users\Sila\AppData\Local\Programs\Android Studio 2\jbr\bin\java.exe
0x00007ffe5d370000 - 0x00007ffe5d587000 	C:\WINDOWS\SYSTEM32\ntdll.dll
0x00007ffe5b470000 - 0x00007ffe5b534000 	C:\WINDOWS\System32\KERNEL32.DLL
0x00007ffe5a850000 - 0x00007ffe5abf6000 	C:\WINDOWS\System32\KERNELBASE.dll
0x00007ffe5ade0000 - 0x00007ffe5aef1000 	C:\WINDOWS\System32\ucrtbase.dll
0x00007ffe3f470000 - 0x00007ffe3f487000 	C:\Users\Sila\AppData\Local\Programs\Android Studio 2\jbr\bin\jli.dll
0x00007ffe55240000 - 0x00007ffe5525b000 	C:\Users\Sila\AppData\Local\Programs\Android Studio 2\jbr\bin\VCRUNTIME140.dll
0x00007ffe5bee0000 - 0x00007ffe5c08e000 	C:\WINDOWS\System32\USER32.dll
0x00007ffe5b090000 - 0x00007ffe5b0b6000 	C:\WINDOWS\System32\win32u.dll
0x00007ffe40bf0000 - 0x00007ffe40e83000 	C:\WINDOWS\WinSxS\amd64_microsoft.windows.common-controls_6595b64144ccf1df_6.0.22621.2506_none_270c5ae97388e100\COMCTL32.dll
0x00007ffe5b0c0000 - 0x00007ffe5b0e9000 	C:\WINDOWS\System32\GDI32.dll
0x00007ffe5af00000 - 0x00007ffe5b018000 	C:\WINDOWS\System32\gdi32full.dll
0x00007ffe5c090000 - 0x00007ffe5c137000 	C:\WINDOWS\System32\msvcrt.dll
0x00007ffe5ad40000 - 0x00007ffe5adda000 	C:\WINDOWS\System32\msvcp_win.dll
0x00007ffe5ca80000 - 0x00007ffe5cab1000 	C:\WINDOWS\System32\IMM32.DLL
0x00007ffe53d70000 - 0x00007ffe53d7c000 	C:\Users\Sila\AppData\Local\Programs\Android Studio 2\jbr\bin\vcruntime140_1.dll
0x00007ffe3f850000 - 0x00007ffe3f8dd000 	C:\Users\Sila\AppData\Local\Programs\Android Studio 2\jbr\bin\msvcp140.dll
0x00007ffda3560000 - 0x00007ffda41e3000 	C:\Users\Sila\AppData\Local\Programs\Android Studio 2\jbr\bin\server\jvm.dll
0x00007ffe5b620000 - 0x00007ffe5b6d3000 	C:\WINDOWS\System32\ADVAPI32.dll
0x00007ffe5b560000 - 0x00007ffe5b608000 	C:\WINDOWS\System32\sechost.dll
0x00007ffe5a6b0000 - 0x00007ffe5a6d8000 	C:\WINDOWS\System32\bcrypt.dll
0x00007ffe5bdc0000 - 0x00007ffe5bed7000 	C:\WINDOWS\System32\RPCRT4.dll
0x00007ffe5a580000 - 0x00007ffe5a5cd000 	C:\WINDOWS\SYSTEM32\POWRPROF.dll
0x00007ffe0a830000 - 0x00007ffe0a839000 	C:\WINDOWS\SYSTEM32\WSOCK32.dll
0x00007ffe53cc0000 - 0x00007ffe53cf4000 	C:\WINDOWS\SYSTEM32\WINMM.dll
0x00007ffe54470000 - 0x00007ffe5447a000 	C:\WINDOWS\SYSTEM32\VERSION.dll
0x00007ffe5cb40000 - 0x00007ffe5cbb1000 	C:\WINDOWS\System32\WS2_32.dll
0x00007ffe5a560000 - 0x00007ffe5a573000 	C:\WINDOWS\SYSTEM32\UMPDC.dll
0x00007ffe596f0000 - 0x00007ffe59708000 	C:\WINDOWS\SYSTEM32\kernel.appcore.dll
0x00007ffe57500000 - 0x00007ffe5750a000 	C:\Users\Sila\AppData\Local\Programs\Android Studio 2\jbr\bin\jimage.dll
0x00007ffe57f40000 - 0x00007ffe58173000 	C:\WINDOWS\SYSTEM32\DBGHELP.DLL
0x00007ffe5b880000 - 0x00007ffe5bc09000 	C:\WINDOWS\System32\combase.dll
0x00007ffe5c9a0000 - 0x00007ffe5ca77000 	C:\WINDOWS\System32\OLEAUT32.dll
0x00007ffe31b40000 - 0x00007ffe31b72000 	C:\WINDOWS\SYSTEM32\dbgcore.DLL
0x00007ffe5ac00000 - 0x00007ffe5ac7a000 	C:\WINDOWS\System32\bcryptPrimitives.dll
0x00007ffe55610000 - 0x00007ffe55635000 	C:\Users\Sila\AppData\Local\Programs\Android Studio 2\jbr\bin\java.dll
0x00007ffe54890000 - 0x00007ffe548a8000 	C:\Users\Sila\AppData\Local\Programs\Android Studio 2\jbr\bin\zip.dll
0x00007ffe5c140000 - 0x00007ffe5c99b000 	C:\WINDOWS\System32\SHELL32.dll
0x00007ffe58610000 - 0x00007ffe58f06000 	C:\WINDOWS\SYSTEM32\windows.storage.dll
0x00007ffe584d0000 - 0x00007ffe5860e000 	C:\WINDOWS\SYSTEM32\wintypes.dll
0x00007ffe5d230000 - 0x00007ffe5d323000 	C:\WINDOWS\System32\SHCORE.dll
0x00007ffe5cac0000 - 0x00007ffe5cb1e000 	C:\WINDOWS\System32\shlwapi.dll
0x00007ffe5a5e0000 - 0x00007ffe5a606000 	C:\WINDOWS\SYSTEM32\profapi.dll
0x00007ffe54680000 - 0x00007ffe54699000 	C:\Users\Sila\AppData\Local\Programs\Android Studio 2\jbr\bin\net.dll
0x00007ffe53fc0000 - 0x00007ffe540f7000 	C:\WINDOWS\SYSTEM32\WINHTTP.dll
0x00007ffe59b70000 - 0x00007ffe59bd9000 	C:\WINDOWS\system32\mswsock.dll
0x00007ffe54660000 - 0x00007ffe54676000 	C:\Users\Sila\AppData\Local\Programs\Android Studio 2\jbr\bin\nio.dll
0x00007ffe574f0000 - 0x00007ffe57500000 	C:\Users\Sila\AppData\Local\Programs\Android Studio 2\jbr\bin\verify.dll

dbghelp: loaded successfully - version: 4.0.5 - missing functions: none
symbol engine: initialized successfully - sym options: 0x614 - pdb path: .;C:\Users\Sila\AppData\Local\Programs\Android Studio 2\jbr\bin;C:\WINDOWS\SYSTEM32;C:\WINDOWS\WinSxS\amd64_microsoft.windows.common-controls_6595b64144ccf1df_6.0.22621.2506_none_270c5ae97388e100;C:\Users\Sila\AppData\Local\Programs\Android Studio 2\jbr\bin\server

VM Arguments:
java_command: org.jetbrains.kotlin.cli.jvm.K2JVMCompiler @C:\Users\Sila\AndroidStudioProjects\goglesignin\app\build\20240131_1726909054028372670.compiler.options
java_class_path (initial): C:\Users\Sila\.gradle\caches\modules-2\files-2.1\org.jetbrains.kotlin\kotlin-compiler-embeddable\1.9.0\2c8c3a7402becca891f12739b3e9fd2dc2adbd7a\kotlin-compiler-embeddable-1.9.0.jar;C:\Users\Sila\.gradle\caches\modules-2\files-2.1\org.jetbrains.kotlin\kotlin-stdlib\1.9.0\8ee15ef0c67dc83d874f412d84378d7f0eb50b63\kotlin-stdlib-1.9.0.jar;C:\Users\Sila\.gradle\caches\modules-2\files-2.1\org.jetbrains.kotlin\kotlin-script-runtime\1.9.0\4b3102cbbb7e1b58d9d1adf89563f00069ffa7d1\kotlin-script-runtime-1.9.0.jar;C:\Users\Sila\.gradle\caches\modules-2\files-2.1\org.jetbrains.kotlin\kotlin-reflect\1.6.10\1cbe9c92c12a94eea200d23c2bbaedaf3daf5132\kotlin-reflect-1.6.10.jar;C:\Users\Sila\.gradle\caches\modules-2\files-2.1\org.jetbrains.kotlin\kotlin-daemon-embeddable\1.9.0\186543f5e28cf8d9a0290fecc2cf34301c40a65c\kotlin-daemon-embeddable-1.9.0.jar;C:\Users\Sila\.gradle\caches\modules-2\files-2.1\org.jetbrains.intellij.deps\trove4j\1.0.20200330\3afb14d5f9ceb459d724e907a21145e8ff394f02\trove4j-1.0.20200330.jar;C:\Users\Sila\.gradle\caches\modules-2\files-2.1\org.jetbrains.kotlin\kotlin-stdlib-common\1.9.0\cd65c21cfd1eec4d44ef09f9f52b6d9f8a720636\kotlin-stdlib-common-1.9.0.jar;C:\Users\Sila\.gradle\caches\modules-2\files-2.1\org.jetbrains\annotations\13.0\919f0dfe192fb4e063e7dacadee7f8bb9a2672a9\annotations-13.0.jar
Launcher Type: SUN_STANDARD

[Global flags]
     intx CICompilerCount                          = 4                                         {product} {ergonomic}
     uint ConcGCThreads                            = 2                                         {product} {ergonomic}
     uint G1ConcRefinementThreads                  = 8                                         {product} {ergonomic}
   size_t G1HeapRegionSize                         = 1048576                                   {product} {ergonomic}
    uintx GCDrainStackTargetSize                   = 64                                        {product} {ergonomic}
   size_t InitialHeapSize                          = 132120576                                 {product} {ergonomic}
   size_t MarkStackSize                            = 4194304                                   {product} {ergonomic}
   size_t MaxHeapSize                              = 2082471936                                {product} {ergonomic}
   size_t MaxNewSize                               = 1248854016                                {product} {ergonomic}
   size_t MinHeapDeltaBytes                        = 1048576                                   {product} {ergonomic}
   size_t MinHeapSize                              = 8388608                                   {product} {ergonomic}
    uintx NonNMethodCodeHeapSize                   = 5839372                                {pd product} {ergonomic}
    uintx NonProfiledCodeHeapSize                  = 122909434                              {pd product} {ergonomic}
    uintx ProfiledCodeHeapSize                     = 122909434                              {pd product} {ergonomic}
    uintx ReservedCodeCacheSize                    = 251658240                              {pd product} {ergonomic}
     bool SegmentedCodeCache                       = true                                      {product} {ergonomic}
   size_t SoftMaxHeapSize                          = 2082471936                             {manageable} {ergonomic}
     bool UseCompressedClassPointers               = true                           {product lp64_product} {ergonomic}
     bool UseCompressedOops                        = true                           {product lp64_product} {ergonomic}
     bool UseG1GC                                  = true                                      {product} {ergonomic}
     bool UseLargePagesIndividualAllocation        = false                                  {pd product} {ergonomic}

Logging:
Log output configuration:
 #0: stdout all=warning uptime,level,tags
 #1: stderr all=off uptime,level,tags

Environment Variables:
PATH=C:\Program Files (x86)\Common Files\Oracle\Java\javapath;C:\WINDOWS\system32;C:\WINDOWS;C:\WINDOWS\System32\Wbem;C:\WINDOWS\System32\WindowsPowerShell\v1.0\;C:\WINDOWS\System32\OpenSSH\;C:\Program Files (x86)\Intel\Intel(R) Management Engine Components\DAL;C:\Program Files\Intel\Intel(R) Management Engine Components\DAL;C:\Users\Sila\AppData\Roaming\Python\Python311\Scripts;C:\Program Files\Git\cmd;C:\Users\Sila\AppData\Local\Microsoft\WindowsApps;C:\Users\Sila\AppData\Local\Programs\Microsoft VS Code\bin;C:\Users\Sila\AppData\Local\Programs\Microsoft VS Code Insiders\bin;C:\Users\Sila\AppData\Local\GitHubDesktop\bin;C:\Program Files\JetBrains\PyCharm 2023.1.2\bin;C:\Program Files\JetBrains\IntelliJ IDEA 2023.3.3\bin;C:\Users\Sila\AppData\Local\JetBrains\Toolbox\scripts;
USERNAME=Sila
OS=Windows_NT
PROCESSOR_IDENTIFIER=Intel64 Family 6 Model 142 Stepping 10, GenuineIntel
TMP=C:\Users\Sila\AppData\Local\Temp
TEMP=C:\Users\Sila\AppData\Local\Temp



Periodic native trim disabled

JNI global refs:
JNI global refs: 11, weak refs: 0

JNI global refs memory usage: 843, weak refs: 841

OOME stack traces (most recent first):
Classloader memory used:
Loader jdk.internal.loader.ClassLoaders$AppClassLoader                                 : 8128K
Loader bootstrap                                                                       : 1417K
Loader java.net.URLClassLoader                                                         : 227K
Loader jdk.internal.reflect.DelegatingClassLoader                                      : 9898B


---------------  S Y S T E M  ---------------

OS:
 Windows 11 , 64 bit Build 22621 (10.0.22621.3085)
OS uptime: 0 days 0:59 hours

CPU: total 8 (initial active 8) (4 cores per cpu, 2 threads per core) family 6 model 142 stepping 10 microcode 0xf4, cx8, cmov, fxsr, ht, mmx, 3dnowpref, sse, sse2, sse3, ssse3, sse4.1, sse4.2, popcnt, lzcnt, tsc, tscinvbit, avx, avx2, aes, erms, clmul, bmi1, bmi2, rtm, adx, fma, vzeroupper, clflush, clflushopt
Processor Information for all 8 processors :
  Max Mhz: 1896, Current Mhz: 1696, Mhz Limit: 1687

Memory: 4k page, system-wide physical 7939M (443M free)
TotalPageFile size 14168M (AvailPageFile size 2M)
current process WorkingSet (physical memory assigned to process): 342M, peak: 342M
current process commit charge ("private bytes"): 451M, peak: 453M

vm_info: OpenJDK 64-Bit Server VM (17.0.9+0--11362436) for windows-amd64 JRE (17.0.9+0--11362436), built on Jan 26 2024 01:19:20 by "androidbuild" with MS VC++ 16.10 / 16.11 (VS2019)

END.
